           0
           3
           1           2           3
           1          19          23          36
         786         787         788         789         790         791
         792         793         794         795         796         797
         798         799         800         801         802         803
         804         805         806         807         808         809
         810         811         812         813         814         815
         816         817         818         819         820
           3
           1           2           3
           1          18          22          36
         190         193         201         226         231         233
         244         255         264         271         276         281
         282         284         285         286         305         619
         625         651         674         753         754         755
         765         766         767         768         769         770
         771         772         779         784         785
           3
           1           2           3
           1          17          20          32
        1472        1473        1474        1475        1476        1477
        1478        1479        1480        1481        1482        1483
        1484        1485        1486        1487        1488        1489
        1490        1491        1492        1493        1494        1495
        1496        1497        1498        1499        1500        1501
        1502
           3
           1           2           3
           1          16          19          32
         340         358         412         413         437         438
         457         506         518         519         523         525
         546         560         564        1154        1202        1205
        1382        1394        1398        1402        1404        1423
        1425        1427        1428        1431        1434        1460
        1470
           3
           1           2           3
           1          38          45          69
        1472        1503        1473        1504        1505        1506
        1507        1474        1475        1476        1508        1509
        1510        1511        1477        1512        1478        1513
        1514        1479        1480        1515        1516        1481
        1517        1482        1518        1519        1483        1484
        1520        1485        1486        1521        1522        1523
        1487        1488        1524        1489        1525        1526
        1490        1527        1528        1491        1492        1529
        1493        1494        1530        1531        1495        1532
        1496        1533        1497        1498        1534        1499
        1535        1500        1501        1536        1537        1502
        1538        1539
           3
           1           2           3
           1          32          41          71
         340         343         345         358         401         412
         413         435         436         437         438         457
         461         464         506         516         517         518
         519         521         523         525         539         545
         546         554         559         560         561         564
         603        1139        1141        1154        1202        1205
        1206        1246        1247        1253        1358        1363
        1381        1382        1386        1387        1389        1392
        1394        1396        1398        1400        1402        1404
        1422        1423        1424        1425        1427        1428
        1431        1432        1434        1438        1458        1460
        1465        1466        1469        1470
