           1
           2
           0           2
           1          18          21
         785         786         787         788         789         790
         791         792         793         794         795         796
         797         798         799         800         801         802
         803         804
           2
           0           2
           1          19          22
         285         334         380         438         478         481
         526         567         568         574         608         609
         610         611         612         613         614         644
         782         783         784
           2
           0           2
           1          16          18
        1474        1475        1476        1477        1478        1479
        1480        1481        1482        1483        1484        1485
        1486        1487        1488        1489        1490
           2
           0           2
           1          17          19
         539         709         810         888         891        1055
        1057        1061        1065        1071        1131        1137
        1138        1143        1145        1209        1461        1473
           2
           0           2
           1          32          37
        1474        1491        1492        1475        1493        1476
        1477        1494        1495        1478        1479        1480
        1496        1497        1481        1498        1499        1482
        1483        1500        1484        1485        1501        1502
        1486        1503        1504        1487        1505        1488
        1506        1507        1489        1508        1509        1490
           2
           0           2
           1          38          45
         539         625         709         710         713         722
         723         810         888         891         895         976
         979         994        1055        1056        1057        1059
        1060        1061        1065        1067        1070        1071
        1072        1131        1133        1135        1137        1138
        1142        1143        1145        1146        1147        1150
        1209        1460        1461        1463        1465        1467
        1468        1473
