           3
           2
           0           2
           1          15          41
         786         787         788         789         790         791
         792         793         794         795         796         797
         798         799         800         801         802         803
         804         805         806         807         808         809
         810         811         812         813         814         815
         816         817         818         819         820         821
         822         823         824         825
           2
           0           2
           1          14          40
           7          22          23          24          25          26
          27          28          29          54          55          90
         126         130         131         132         133         134
         175         176         177         178         217         219
         226         259         260         271         300         306
         316         343         347         383         387         393
         429         430         431
           2
           0           2
           1          14          37
        1508        1509        1510        1511        1512        1513
        1514        1515        1516        1517        1518        1519
        1520        1521        1522        1523        1524        1525
        1526        1527        1528        1529        1530        1531
        1532        1533        1534        1535        1536        1537
        1538        1539        1540        1541        1542        1543
           2
           0           2
           1          13          36
          46          49          53          54          61          97
         103         106         108         113         157         164
         242         245         247         327         332         333
         405         406         409         416         421         490
         491         514         577         665         667         737
         741         828         829         842         854
           2
           0           2
           1          31          85
        1544        1545        1546        1508        1547        1548
        1549        1550        1509        1551        1510        1552
        1511        1512        1553        1513        1554        1514
        1515        1516        1517        1555        1518        1556
        1557        1519        1558        1559        1560        1520
        1561        1562        1563        1564        1565        1521
        1522        1523        1566        1524        1567        1525
        1568        1569        1570        1571        1526        1572
        1527        1528        1573        1574        1575        1529
        1530        1531        1576        1577        1578        1532
        1579        1580        1533        1534        1535        1581
        1582        1583        1536        1584        1585        1537
        1538        1586        1587        1539        1540        1588
        1541        1589        1542        1543        1590        1591
           2
           0           2
           1          25          75
          42          46          49          50          53          54
          55          58          61          63          97         102
         103         106         107         108         111         113
         157         158         163         164         165         229
         240         242         245         247         327         328
         330         332         333         338         340         342
         405         406         407         408         409         410
         416         420         421         490         491         497
         514         515         577         578         588         598
         607         608         659         660         665         667
         737         741         749         757         824         828
         829         835         842         853         854         923
         927         928
