           2
           3
           0           1           3
           1           5           8          34
         787         788         789         790         791         792
         793         794         795         796         797         798
         799         800         801         802         803         804
         805         806         807         808         809         810
         811         812         813         814         815         816
         817         818         819
           3
           0           1           3
           1           5           8          34
         182         206         227         249           1           2
           7         629         630         631         660         661
         689         692         693         703         728         729
         736         745         755         761         763         764
         770         773         780         781         782         783
         784         785         786
           3
           0           1           3
           1           4           6          29
        1501        1502        1503        1504        1505        1506
        1507        1508        1509        1510        1511        1512
        1513        1514        1515        1516        1517        1518
        1519        1520        1521        1522        1523        1524
        1525        1526        1527        1528
           3
           0           1           3
           1           4           6          29
         328         377         414           6          12        1177
        1178        1233        1236        1238        1294        1316
        1317        1376        1391        1392        1410        1427
        1440        1446        1458        1465        1469        1476
        1478        1481        1487        1489
           3
           0           1           3
           1          10          17          67
        1529        1530        1501        1502        1503        1531
        1532        1533        1534        1535        1504        1536
        1537        1538        1539        1505        1540        1506
        1507        1508        1509        1541        1542        1510
        1511        1543        1544        1545        1512        1513
        1546        1547        1514        1548        1515        1549
        1516        1517        1518        1550        1519        1551
        1520        1552        1553        1554        1555        1556
        1557        1558        1521        1522        1523        1524
        1559        1560        1561        1525        1526        1562
        1527        1563        1528        1564        1565        1566
           3
           0           1           3
           1           8          13          67
         328         376         377         411         412         414
         415           5           6           9          11          12
        1084        1086        1087        1091        1156        1177
        1178        1233        1234        1236        1237        1238
        1239        1255        1290        1291        1294        1296
        1316        1317        1318        1320        1339        1376
        1391        1392        1394        1396        1405        1410
        1411        1426        1427        1440        1446        1447
        1448        1457        1458        1461        1462        1465
        1469        1470        1473        1476        1478        1479
        1481        1484        1487        1489        1491        1492
