           2
         786
          33
        1292        1311        1312        1313        1314        1315
        1316        1317        1335        1336        1337        1338
        1339        1340        1341        1342        1343        1344
        1345        1360        1361        1362        1363        1364
        1365        1366        1367        1368        1369        1370
        1371        1372        1373        1374        1387        1388
        1389        1390        1391        1392        1393        1394
        1395        1396        1397        1398        1399        1400
        1401        1402        1403        1404        1405        1406
        1407        1418        1419        1420        1421        1422
        1423        1424        1425        1426        1427        1428
        1429        1430        1431        1432        1433        1434
        1435        1436        1437        1438        1439        1440
        1441        1442        1443        1444        1445        1446
        1447        1448        1459        1460        1461        1462
        1463        1464        1465        1466        1467        1468
        1469        1470        1471        1472        1473        1474
        1475        1476        1477        1478        1479        1480
        1481        1482        1483        1484        1485        1486
        1487        1488        1489        1490        1491        1492
        1493        1494        1495        1496        1508        1509
        1510        1511        1512        1513        1514        1515
        1516        1517        1518        1519        1520        1521
        1522        1523        1524        1526        1527        1528
        1529        1530        1531        1532        1533        1534
        1535        1536        1537        1538        1539        1540
        1541        1542        1543        1544        1545        1546
        1547        1566        1567        1568        1569        1570
        1571        1572        1573        1574        1575        1576
        1577        1578        1579        1580        1581        1582
        1583        1585        1586        1587        1588        1589
        1590        1591        1592        1593        1594        1595
        1596        1597        1598        1599        1600        1601
        1602        1603        1604        1605        1606        1607
        1608        1614        1615        1637        1638        1639
        1640        1641        1642        1643        1644        1645
        1646        1647        1648        1649        1650        1651
        1652        1653        1654        1655        1656        1657
        1658        1659        1660        1661        1662        1663
        1664        1665        1666        1667        1668        1669
        1670        1671        1672        1673        1674        1675
        1676        1677        1684        1703        1704        1705
        1706        1707        1708        1709        1710        1711
        1712        1713        1714        1715        1716        1717
        1718        1719        1720        1721        1722        1723
        1724        1725        1726        1727        1728        1729
        1730        1731        1732        1733        1734        1735
        1736        1737        1738        1739        1740        1763
        1764        1765        1766        1767        1768        1769
        1770        1771        1772        1773        1774        1775
        1776        1777        1778        1779        1780        1781
        1782        1783        1784        1785        1786        1787
        1788        1789        1790        1791        1792        1793
        1794        1795        1796        1797        1798        1799
        1800        1823        1824        1825        1826        1827
        1828        1829        1830        1831        1832        1833
        1834        1835        1836        1837        1838        1839
        1840        1841        1842        1843        1844        1845
        1846        1847        1848        1849        1850        1851
        1852        1853        1854        1855        1856        1857
        1858        1859        1860        1861        1883        1884
        1885        1886        1887        1888        1889        1890
        1891        1892        1893        1894        1895        1896
        1897        1898        1899        1900        1901        1902
        1903        1904        1905        1906        1907        1908
        1909        1910        1911        1912        1913        1914
        1915        1916        1917        1918        1919        1920
        1921        1922        1923        1924        1925        1926
        1927        1928        1929        1930        1951        1952
        1953        1954        1955        1956        1957        1958
        1959        1960        1961        1962        1963        1964
        1965        1966        1967        1968        1969        1970
        1971        1972        1973        1974        1975        1976
        1977        1978        1979        1980        1981        1982
        1983        1984        1985        1986        1987        1988
        1989        1990        1991        1992        1993        1994
        1995        1996        1997        1998        1999        2000
        2001        2002        2003        2004        2005        2006
        2007        2008        2009        2033        2034        2035
        2036        2037        2038        2039        2040        2041
        2042        2043        2044        2045        2046        2047
        2048        2049        2050        2051        2052        2053
        2054        2055        2056        2057        2058        2059
        2060        2061        2062        2063        2064        2065
        2066        2067        2068        2069        2070        2071
        2072        2073        2074        2075        2076        2077
        2078        2079        2080        2081        2082        2083
        2084        2085        2086        2087        2088        2089
        2090        2122        2123        2124        2125        2126
        2127        2128        2129        2130        2131        2132
        2133        2134        2135        2136        2137        2138
        2139        2140        2141        2142        2143        2144
        2145        2146        2147        2148        2149        2150
        2151        2152        2153        2154        2155        2156
        2157        2158        2159        2160        2161        2162
        2163        2164        2165        2166        2167        2168
        2169        2170        2171        2172        2208        2209
        2210        2211        2212        2213        2214        2215
        2216        2217        2218        2219        2220        2221
        2222        2223        2224        2225        2226        2227
        2228        2229        2230        2231        2232        2233
        2234        2235        2236        2237        2238        2239
        2240        2241        2242        2243        2244        2245
        2246        2247        2248        2249        2250        2251
        2252        2253        2254        2255        2292        2293
        2294        2295        2296        2297        2298        2299
        2300        2301        2302        2303        2304        2305
        2306        2307        2308        2309        2310        2311
        2312        2313        2314        2315        2316        2317
        2318        2319        2320        2321        2322        2323
        2324        2325        2326        2327        2328        2329
        2330        2331        2332        2371        2372        2373
        2374        2375        2376        2377        2378        2379
        2380        2381        2382        2383        2384        2385
        2386        2387        2388        2389        2390        2391
        2392        2393        2394        2397        2398        2399
        2400        2401        2402        2403        2404        2445
        2446        2447        2448        2449        2450        2451
        2452        2453        2454        2455        2456        2457
        2458        2459        2460        2461        2464        2465
        2470        2471        2472        2473        2474        2475
        2476        2513        2514        2515        2516        2517
        2518        2519        2520        2521        2522        2523
        2524        2525        2530        2531        2532        2537
        2539        2541        2542        2543        2577        2578
        2579        2580        2581        2582        2583        2584
        2585        2586        2592        2593        2594        2599
        2603        2604        2633        2634        2635        2636
        2637        2638        2639        2646        2647        2654
        2685        2686        2687        2688        2689        2691
        2696        2703        2732        2733        2734        2735
        1584        1616        1683        1745        1290        1291
        1293        2368        2369        2370        2395        2396
        2462        2463        2466        2467        2526        2528
        2540        2576        2587        2602        2640        2648
        2659        2692        2697        2738        2742        2748
        2784        2785        2786
        1500
          28
          38
        2378        2379        2380        2381        2382        2413
        2414        2415        2416        2417        2418        2419
        2420        2421        2455        2456        2457        2458
        2459        2460        2461        2462        2463        2464
        2465        2466        2467        2468        2469        2470
        2471        2472        2506        2507        2508        2509
        2510        2511        2512        2513        2514        2515
        2516        2517        2518        2519        2520        2521
        2522        2523        2524        2525        2526        2527
        2528        2529        2530        2547        2548        2549
        2550        2551        2552        2553        2554        2555
        2556        2557        2558        2559        2560        2561
        2562        2563        2564        2565        2566        2567
        2568        2569        2570        2571        2572        2573
        2574        2575        2576        2577        2578        2579
        2580        2581        2601        2602        2603        2604
        2605        2606        2607        2608        2609        2610
        2611        2612        2613        2614        2615        2616
        2617        2618        2619        2620        2621        2622
        2623        2624        2625        2626        2627        2628
        2629        2630        2631        2632        2633        2634
        2635        2636        2637        2638        2639        2640
        2641        2642        2643        2644        2645        2646
        2647        2648        2649        2650        2651        2669
        2670        2671        2672        2673        2674        2675
        2676        2677        2678        2679        2680        2681
        2682        2683        2684        2685        2686        2687
        2688        2689        2690        2691        2692        2693
        2694        2695        2696        2697        2698        2699
        2700        2701        2702        2703        2704        2705
        2706        2707        2708        2709        2710        2711
        2712        2713        2714        2715        2716        2717
        2718        2719        2720        2721        2722        2723
        2724        2725        2726        2727        2728        2729
        2730        2731        2732        2733        2734        2735
        2736        2737        2738        2739        2740        2741
        2742        2743        2767        2768        2769        2770
        2771        2772        2773        2774        2775        2776
        2777        2778        2779        2780        2781        2782
        2783        2784        2785        2786        2787        2788
        2789        2790        2791        2792        2793        2794
        2795        2796        2797        2798        2799        2800
        2801        2802        2803        2804        2805        2806
        2807        2808        2809        2810        2811        2812
        2813        2814        2815        2816        2817        2818
        2819        2820        2821        2822        2823        2824
        2825        2826        2827        2828        2829        2830
        2831        2832        2833        2834        2835        2836
        2837        2866        2867        2868        2869        2870
        2871        2872        2873        2874        2875        2876
        2877        2878        2879        2880        2881        2882
        2883        2884        2885        2886        2887        2888
        2889        2890        2891        2892        2893        2894
        2895        2896        2897        2898        2899        2900
        2902        2904        2905        2906        2907        2908
        2909        2910        2911        2912        2913        2914
        2915        2916        2917        2918        2919        2920
        2921        2922        2923        2924        2925        2926
        2927        2928        2929        2930        2931        2932
        2933        2934        2935        2936        2937        2938
        2939        2940        2941        2942        2943        2944
        2945        2946        2947        2948        2949        2950
        2951        2952        2962        2963        2964        3004
        3005        3006        3007        3008        3009        3010
        3011        3012        3013        3014        3015        3016
        3017        3018        3019        3020        3021        3022
        3023        3024        3025        3026        3027        3028
        3029        3030        3031        3032        3033        3034
        3035        3036        3037        3038        3039        3040
        3041        3042        3043        3044        3045        3046
        3047        3048        3049        3050        3051        3052
        3053        3054        3055        3056        3057        3058
        3059        3060        3061        3062        3063        3064
        3065        3066        3067        3068        3069        3070
        3071        3072        3073        3074        3075        3076
        3087        3088        3125        3126        3127        3128
        3129        3130        3131        3132        3133        3134
        3135        3136        3137        3138        3139        3140
        3141        3142        3143        3144        3145        3146
        3147        3148        3149        3150        3151        3152
        3153        3154        3155        3156        3157        3158
        3159        3160        3161        3162        3163        3164
        3165        3166        3167        3168        3169        3170
        3171        3172        3173        3174        3175        3176
        3177        3178        3179        3180        3181        3182
        3183        3184        3185        3186        3187        3188
        3189        3190        3191        3192        3193        3194
        3195        3196        3197        3198        3199        3200
        3240        3241        3242        3243        3244        3245
        3246        3247        3248        3249        3250        3251
        3252        3253        3254        3255        3256        3257
        3258        3259        3260        3261        3262        3263
        3264        3265        3266        3267        3268        3269
        3270        3271        3272        3273        3274        3275
        3276        3277        3278        3279        3280        3281
        3282        3283        3284        3285        3286        3287
        3288        3289        3290        3291        3292        3293
        3294        3295        3296        3297        3298        3299
        3300        3301        3302        3303        3304        3305
        3306        3307        3308        3309        3310        3311
        3312        3313        3314        3315        3316        3317
        3318        3364        3365        3366        3367        3368
        3369        3370        3371        3372        3373        3374
        3375        3376        3377        3378        3379        3380
        3381        3382        3383        3384        3385        3386
        3387        3388        3389        3390        3391        3392
        3393        3394        3395        3396        3397        3398
        3399        3400        3401        3402        3403        3404
        3405        3406        3407        3408        3409        3410
        3411        3412        3413        3414        3415        3416
        3417        3418        3419        3420        3421        3422
        3423        3424        3425        3426        3427        3428
        3429        3430        3431        3432        3471        3472
        3473        3474        3475        3476        3477        3478
        3479        3480        3481        3482        3483        3484
        3485        3486        3487        3488        3489        3490
        3491        3492        3493        3494        3495        3496
        3497        3498        3499        3500        3501        3502
        3503        3504        3505        3506        3507        3508
        3509        3510        3511        3512        3513        3514
        3515        3516        3517        3518        3519        3520
        3521        3522        3523        3524        3525        3526
        3527        3528        3529        3530        3531        3532
        3533        3534        3535        3536        3537        3538
        3539        3540        3541        3542        3543        3544
        3545        3546        3547        3548        3549        3550
        3551        3552        3553        3554        3555        3556
        3557        3558        3559        3560        3561        3598
        3599        3600        3601        3602        3603        3604
        3605        3606        3607        3608        3609        3610
        3611        3612        3613        3614        3615        3616
        3617        3618        3619        3620        3621        3622
        3623        3624        3625        3626        3627        3628
        3629        3630        3631        3632        3633        3634
        3635        3636        3637        3638        3639        3640
        3641        3642        3643        3644        3645        3646
        3647        3648        3649        3650        3651        3652
        3653        3654        3655        3656        3657        3658
        3659        3660        3661        3662        3663        3664
        3665        3666        3667        3668        3669        3670
        3671        3672        3673        3674        3675        3676
        3677        3678        3679        3680        3681        3682
        3683        3684        3685        3686        3687        3688
        3689        3690        3691        3692        3693        3694
        3695        3696        3697        3698        3699        3700
        3701        3702        3703        3704        3705        3746
        3747        3748        3749        3750        3751        3752
        3753        3754        3755        3756        3757        3758
        3759        3760        3761        3762        3763        3764
        3765        3766        3767        3768        3769        3770
        3771        3772        3773        3774        3775        3776
        3777        3778        3779        3780        3781        3782
        3783        3784        3785        3786        3787        3788
        3789        3790        3791        3792        3793        3794
        3795        3796        3797        3798        3799        3800
        3801        3802        3803        3804        3805        3806
        3807        3808        3809        3810        3811        3812
        3813        3814        3815        3816        3817        3818
        3819        3820        3821        3822        3823        3824
        3825        3826        3827        3828        3829        3830
        3831        3832        3833        3834        3835        3836
        3837        3838        3839        3840        3841        3842
        3843        3844        3845        3846        3847        3848
        3849        3850        3851        3852        3853        3854
        3855        3856        3857        3918        3919        3920
        3921        3922        3923        3924        3925        3926
        3927        3928        3929        3930        3931        3932
        3933        3934        3935        3936        3937        3938
        3939        3940        3941        3942        3943        3944
        3945        3946        3947        3948        3949        3950
        3951        3952        3953        3954        3955        3956
        3957        3958        3959        3960        3961        3962
        3963        3964        3965        3966        3967        3968
        3969        3970        3971        3972        3973        3974
        3975        3976        3977        3978        3979        3980
        3981        3982        3983        3984        3985        3986
        3987        3988        3989        3990        3991        3992
        3993        3994        3995        3996        3997        3998
        3999        4000        4001        4002        4003        4004
        4005        4006        4007        4008        4009        4010
        4011        4012        4073        4074        4075        4076
        4077        4078        4079        4080        4081        4082
        4083        4084        4085        4086        4087        4088
        4089        4090        4091        4092        4093        4094
        4095        4096        4097        4098        4099        4100
        4101        4102        4103        4104        4105        4106
        4107        4108        4109        4110        4111        4112
        4113        4114        4115        4116        4117        4118
        4119        4120        4121        4122        4123        4124
        4125        4126        4127        4128        4129        4130
        4131        4132        4133        4134        4135        4136
        4137        4138        4139        4140        4141        4142
        4143        4144        4145        4146        4147        4148
        4149        4150        4151        4152        4153        4154
        4155        4156        4157        4158        4159        4160
        4161        4162        4163        4164        4165        4226
        4227        4228        4229        4230        4231        4232
        4233        4234        4235        4236        4237        4238
        4239        4240        4241        4242        4243        4244
        4245        4246        4247        4248        4249        4250
        4251        4252        4253        4254        4255        4256
        4257        4258        4259        4260        4261        4262
        4263        4264        4265        4266        4267        4268
        4269        4270        4271        4272        4273        4274
        4275        4276        4277        4278        4279        4280
        4281        4282        4283        4284        4285        4286
        4287        4288        4289        4290        4291        4292
        4293        4294        4295        4296        4297        4298
        4299        4300        4301        4365        4367        4369
        4370        4371        4372        4373        4374        4375
        4376        4377        4378        4379        4380        4381
        4382        4383        4384        4385        4386        4387
        4388        4389        4390        4391        4392        4393
        4394        4395        4396        4397        4398        4399
        4400        4401        4402        4403        4404        4405
        4406        4407        4408        4409        4410        4411
        4412        4414        4416        4417        4418        4419
        4420        4421        4422        4423        4424        4425
        4426        4427        4428        4429        4430        4431
        4432        4515        4516        4517        4518        4519
        4520        4521        4522        4523        4524        4525
        4526        4527        4528        4529        4530        4531
        4532        4533        4534        4535        4536        4537
        4538        4539        4540        4541        4542        4543
        4544        4545        4546        4547        4548        4549
        4550        4553        4554        4555        4556        4557
        4558        4559        4561        4565        4566        4567
        4568        4569        4570        4571        4572        4573
        4574        4575        4576        4577        4578        4637
        4638        4639        4640        4641        4642        4643
        4644        4645        4646        4647        4648        4649
        4650        4651        4652        4653        4654        4655
        4656        4657        4658        4659        4660        4661
        4662        4663        4664        4665        4674        4675
        4676        4684        4685        4688        4689        4690
        4691        4692        4758        4760        4761        4762
        4763        4764        4765        4766        4767        4768
        4769        4770        4771        4772        4773        4774
        4775        4776        4777        4778        4779        4781
        4782        4789        4790        4791        4792        4793
        4794        4803        4804        4808        4809        4812
        4813        4814        4874        4875        4876        4877
        4878        4879        4880        4881        4882        4883
        4884        4896        4897        4898        4900        4910
        4911        4922        4969        4970        4971        4972
        4973        4974        4975        4976        4977        4978
        4979        4980        4983        4984        4990        4991
        4993        5004        5005        5057        5058        5059
        5060        5061        5062        5063        5064        5065
        5071        5072        5082        5157        5158        5159
        2965        3086        3089        2340        2383        4368
        4413        4415        4511        4551        4552        4666
        4667        4670        4680        4687        4759        4780
        4810        4885        4992        4994        5069        5073
        5160        5161        5174        5186        2901        2903
        3090        3206        3207        3213        2339        2342
        2344        2376        2377        4366        4512        4514
        4560        4562        4564        4668        4669        4671
        4686        4786        4811        4886        4899        4909
        4920        4921        4985        4986        5081        5089
        5156        5167        5185        5255        5259        5260
        2290
          28
        3482        3483        3485        3486        3487        3488
        3489        3538        3539        3540        3541        3542
        3543        3544        3545        3546        3547        3548
        3549        3550        3551        3596        3597        3598
        3599        3600        3601        3602        3603        3604
        3605        3606        3607        3608        3609        3610
        3611        3612        3613        3614        3615        3616
        3617        3618        3619        3620        3621        3622
        3623        3624        3625        3626        3663        3664
        3665        3666        3667        3668        3669        3670
        3671        3672        3673        3674        3675        3676
        3677        3678        3679        3680        3681        3682
        3683        3684        3685        3686        3687        3688
        3689        3690        3691        3692        3693        3694
        3695        3696        3697        3698        3699        3700
        3701        3702        3703        3704        3705        3735
        3736        3737        3738        3739        3740        3741
        3742        3743        3744        3745        3746        3747
        3748        3749        3750        3751        3752        3753
        3754        3755        3756        3757        3758        3759
        3760        3761        3762        3763        3764        3765
        3766        3767        3768        3769        3770        3771
        3772        3773        3774        3775        3776        3777
        3778        3779        3780        3781        3782        3783
        3784        3785        3786        3787        3788        3789
        3815        3816        3817        3818        3819        3820
        3821        3822        3823        3824        3825        3826
        3827        3828        3829        3830        3831        3832
        3833        3834        3835        3836        3837        3838
        3839        3840        3841        3842        3843        3844
        3845        3846        3847        3848        3849        3850
        3851        3852        3853        3854        3855        3856
        3857        3858        3859        3860        3861        3862
        3863        3864        3865        3866        3867        3868
        3869        3870        3871        3872        3873        3874
        3875        3876        3877        3878        3879        3880
        3881        3882        3883        3884        3885        3886
        3887        3888        3889        3890        3891        3892
        3893        3894        3895        3896        3897        3898
        3899        3928        3929        3930        3931        3932
        3933        3934        3935        3936        3937        3938
        3939        3940        3941        3942        3943        3944
        3945        3946        3947        3948        3949        3950
        3951        3952        3953        3954        3955        3956
        3957        3958        3959        3960        3961        3962
        3963        3964        3965        3966        3967        3968
        3969        3970        3971        3972        3973        3974
        3975        3976        3977        3978        3979        3980
        3981        3982        3983        3984        3985        3986
        3987        3988        3989        3990        3991        3992
        3993        3994        3995        3996        3997        3998
        3999        4000        4001        4002        4003        4004
        4005        4006        4007        4008        4009        4010
        4011        4012        4013        4014        4015        4016
        4017        4018        4019        4020        4021        4022
        4023        4024        4025        4026        4027        4028
        4029        4030        4031        4032        4033        4034
        4066        4067        4068        4069        4070        4071
        4072        4073        4074        4075        4076        4077
        4078        4079        4080        4081        4082        4083
        4084        4085        4086        4087        4088        4089
        4090        4091        4092        4093        4094        4095
        4096        4097        4098        4099        4100        4101
        4102        4103        4104        4105        4106        4107
        4108        4109        4111        4112        4113        4114
        4115        4116        4117        4118        4119        4120
        4121        4122        4123        4124        4125        4126
        4127        4128        4129        4130        4131        4132
        4133        4134        4135        4136        4137        4138
        4139        4140        4141        4142        4143        4144
        4145        4146        4147        4148        4149        4150
        4151        4152        4153        4154        4155        4156
        4157        4158        4159        4160        4161        4162
        4163        4164        4165        4166        4167        4168
        4169        4170        4171        4172        4173        4174
        4226        4227        4228        4229        4230        4231
        4232        4233        4234        4235        4236        4237
        4238        4239        4240        4241        4242        4243
        4244        4245        4246        4247        4248        4249
        4250        4251        4252        4253        4254        4255
        4256        4257        4258        4259        4260        4261
        4262        4263        4264        4265        4266        4267
        4268        4269        4270        4271        4272        4273
        4274        4275        4277        4279        4280        4281
        4282        4283        4284        4285        4286        4287
        4288        4289        4290        4291        4292        4293
        4294        4295        4296        4297        4298        4299
        4300        4301        4302        4303        4304        4305
        4306        4307        4308        4309        4310        4311
        4312        4313        4314        4315        4316        4317
        4318        4319        4320        4321        4322        4323
        4324        4325        4326        4327        4328        4329
        4330        4331        4332        4333        4334        4335
        4336        4337        4338        4339        4340        4341
        4342        4343        4344        4345        4346        4347
        4348        4349        4364        4365        4366        4367
        4428        4429        4430        4431        4432        4433
        4434        4435        4436        4437        4438        4439
        4440        4441        4442        4443        4444        4445
        4446        4447        4448        4449        4450        4451
        4452        4453        4454        4455        4456        4457
        4458        4459        4460        4461        4462        4463
        4464        4465        4466        4467        4468        4469
        4470        4471        4472        4473        4474        4475
        4476        4477        4478        4479        4480        4481
        4482        4483        4484        4485        4486        4487
        4488        4489        4490        4491        4492        4493
        4494        4495        4496        4497        4498        4499
        4500        4501        4502        4503        4504        4505
        4506        4507        4508        4509        4510        4511
        4512        4513        4514        4515        4516        4517
        4518        4519        4520        4521        4522        4523
        4524        4525        4526        4527        4528        4529
        4530        4531        4532        4533        4534        4535
        4536        4537        4538        4539        4540        4555
        4607        4608        4609        4610        4611        4612
        4613        4614        4615        4616        4617        4618
        4619        4620        4621        4622        4623        4624
        4625        4626        4627        4628        4629        4630
        4631        4632        4633        4634        4635        4636
        4637        4638        4639        4640        4641        4642
        4643        4644        4645        4646        4647        4648
        4649        4650        4651        4652        4653        4654
        4655        4656        4657        4658        4659        4660
        4661        4662        4663        4664        4665        4666
        4667        4668        4669        4670        4671        4672
        4673        4674        4675        4676        4677        4678
        4679        4680        4681        4682        4683        4684
        4685        4686        4687        4688        4689        4690
        4691        4692        4693        4694        4695        4696
        4697        4698        4699        4700        4701        4702
        4703        4704        4705        4706        4707        4708
        4709        4710        4711        4712        4713        4714
        4773        4774        4775        4776        4777        4778
        4779        4780        4781        4782        4783        4784
        4785        4786        4787        4788        4789        4790
        4791        4792        4793        4794        4795        4796
        4797        4798        4799        4800        4801        4802
        4803        4804        4805        4806        4807        4808
        4809        4810        4811        4812        4813        4814
        4815        4816        4817        4818        4819        4820
        4821        4822        4823        4824        4825        4826
        4827        4828        4829        4830        4831        4832
        4833        4834        4835        4836        4837        4838
        4839        4840        4841        4842        4843        4844
        4845        4846        4847        4848        4849        4850
        4851        4852        4853        4854        4855        4856
        4857        4858        4859        4860        4861        4862
        4863        4864        4865        4866        4867        4868
        4869        4870        4871        4872        4873        4874
        4875        4876        4877        4878        4879        4880
        4881        4882        4946        4947        4948        4949
        4950        4951        4952        4953        4954        4955
        4956        4957        4958        4959        4960        4961
        4962        4963        4964        4965        4966        4967
        4968        4969        4970        4971        4972        4973
        4974        4975        4976        4977        4978        4979
        4980        4981        4982        4983        4984        4985
        4986        4987        4988        4989        4990        4991
        4992        4993        4994        4995        4996        4997
        4998        4999        5000        5001        5002        5003
        5004        5005        5006        5007        5008        5009
        5010        5011        5012        5013        5014        5015
        5016        5017        5018        5019        5020        5021
        5022        5023        5024        5025        5026        5027
        5028        5029        5030        5031        5032        5033
        5034        5035        5036        5037        5038        5039
        5040        5041        5042        5043        5044        5045
        5046        5047        5048        5049        5050        5051
        5052        5053        5054        5055        5056        5113
        5114        5115        5116        5117        5118        5119
        5120        5121        5122        5123        5124        5125
        5126        5127        5128        5129        5130        5131
        5132        5133        5134        5135        5136        5137
        5138        5139        5140        5141        5142        5143
        5144        5145        5146        5147        5148        5149
        5150        5151        5152        5153        5154        5155
        5156        5157        5158        5159        5160        5161
        5162        5163        5164        5165        5166        5167
        5168        5169        5170        5171        5172        5173
        5174        5175        5176        5177        5178        5179
        5180        5181        5182        5183        5184        5185
        5186        5187        5188        5189        5190        5191
        5192        5193        5194        5195        5196        5197
        5198        5199        5200        5201        5202        5203
        5204        5205        5206        5207        5208        5209
        5210        5211        5212        5213        5214        5215
        5216        5217        5218        5219        5220        5221
        5222        5223        5224        5225        5226        5227
        5228        5229        5230        5231        5232        5233
        5234        5235        5236        5237        5238        5239
        5240        5241        5242        5243        5244        5245
        5246        5247        5248        5249        5250        5251
        5252        5253        5254        5255        5311        5312
        5313        5314        5315        5316        5317        5318
        5319        5320        5321        5322        5323        5324
        5325        5326        5327        5328        5329        5330
        5331        5332        5333        5334        5335        5336
        5337        5338        5339        5340        5341        5342
        5343        5344        5345        5346        5347        5348
        5349        5350        5351        5352        5353        5354
        5355        5356        5357        5358        5359        5360
        5361        5362        5363        5364        5365        5366
        5367        5368        5369        5370        5371        5372
        5373        5374        5375        5376        5377        5378
        5379        5380        5381        5382        5383        5384
        5385        5386        5387        5388        5389        5390
        5391        5392        5393        5394        5395        5396
        5397        5398        5399        5400        5401        5402
        5403        5404        5405        5406        5407        5408
        5409        5410        5411        5412        5413        5414
        5415        5416        5417        5418        5419        5420
        5421        5422        5423        5424        5425        5426
        5427        5428        5429        5430        5431        5432
        5433        5434        5435        5436        5437        5438
        5439        5440        5441        5442        5443        5444
        5445        5446        5447        5448        5449        5450
        5451        5452        5453        5454        5455        5456
        5457        5458        5459        5460        5461        5462
        5463        5464        5465        5466        5467        5468
        5469        5470        5471        5472        5473        5474
        5475        5476        5477        5478        5540        5541
        5542        5543        5544        5545        5546        5547
        5548        5549        5550        5551        5552        5553
        5554        5555        5556        5557        5558        5559
        5560        5561        5562        5563        5564        5565
        5566        5567        5568        5569        5570        5571
        5572        5573        5574        5575        5576        5577
        5578        5579        5580        5581        5582        5583
        5584        5585        5586        5587        5588        5589
        5590        5591        5592        5593        5594        5595
        5596        5597        5598        5599        5600        5601
        5602        5603        5604        5605        5606        5607
        5608        5609        5610        5611        5612        5613
        5614        5615        5616        5617        5618        5619
        5620        5621        5622        5623        5624        5625
        5626        5627        5628        5629        5630        5631
        5632        5633        5634        5635        5636        5637
        5638        5639        5640        5641        5642        5643
        5644        5645        5646        5647        5648        5649
        5650        5651        5652        5653        5654        5655
        5656        5657        5658        5659        5660        5661
        5662        5663        5664        5665        5666        5667
        5668        5669        5670        5671        5672        5673
        5674        5675        5676        5677        5678        5679
        5680        5681        5682        5683        5684        5685
        5686        5687        5688        5689        5690        5691
        5692        5693        5694        5695        5696        5697
        5698        5699        5780        5781        5782        5783
        5784        5785        5786        5787        5788        5789
        5790        5791        5792        5793        5794        5795
        5796        5797        5798        5799        5800        5801
        5802        5803        5804        5805        5806        5807
        5808        5809        5810        5811        5812        5813
        5814        5815        5816        5817        5818        5819
        5820        5821        5822        5823        5824        5825
        5826        5827        5828        5829        5830        5831
        5832        5833        5834        5835        5836        5837
        5838        5839        5840        5841        5842        5843
        5844        5845        5846        5847        5848        5849
        5850        5851        5852        5853        5854        5855
        5856        5857        5858        5859        5860        5861
        5862        5863        5864        5865        5866        5867
        5868        5869        5870        5871        5872        5873
        5874        5875        5876        5877        5878        5879
        5880        5881        5882        5883        5884        5885
        5886        5887        5888        5889        5890        5891
        5892        5893        5894        5895        5896        5897
        5898        5899        5900        5901        5902        5903
        5904        5905        5906        5907        5908        5909
        5910        5911        5912        5913        5914        5915
        5916        5917        5918        5919        6013        6014
        6015        6016        6017        6018        6019        6020
        6021        6022        6023        6024        6025        6026
        6027        6028        6029        6030        6031        6032
        6033        6034        6035        6036        6037        6038
        6039        6040        6041        6042        6043        6044
        6045        6046        6047        6048        6049        6050
        6051        6052        6053        6054        6055        6056
        6057        6058        6059        6060        6061        6062
        6063        6064        6065        6066        6067        6068
        6069        6070        6071        6072        6073        6074
        6075        6076        6077        6078        6079        6080
        6081        6082        6083        6084        6085        6086
        6087        6088        6089        6090        6091        6092
        6093        6094        6095        6096        6097        6098
        6099        6100        6101        6102        6103        6104
        6105        6106        6107        6108        6109        6110
        6111        6112        6113        6114        6115        6116
        6117        6118        6119        6120        6121        6122
        6123        6124        6125        6126        6127        6128
        6129        6130        6131        6132        6133        6134
        6135        6136        6137        6138        6232        6233
        6234        6235        6236        6237        6238        6239
        6240        6241        6242        6243        6244        6245
        6246        6247        6248        6249        6250        6251
        6252        6253        6254        6255        6256        6257
        6258        6259        6260        6261        6262        6263
        6264        6265        6266        6267        6268        6269
        6270        6271        6272        6273        6274        6275
        6276        6277        6278        6279        6280        6281
        6282        6283        6284        6285        6286        6287
        6288        6289        6290        6291        6292        6293
        6294        6295        6296        6297        6298        6299
        6300        6301        6302        6303        6304        6305
        6306        6307        6308        6309        6310        6311
        6312        6313        6314        6315        6316        6317
        6318        6319        6320        6321        6322        6323
        6324        6325        6326        6327        6328        6329
        6330        6331        6332        6333        6334        6335
        6336        6337        6338        6339        6442        6443
        6444        6445        6446        6447        6448        6449
        6450        6451        6452        6453        6454        6455
        6456        6457        6458        6459        6460        6461
        6462        6463        6464        6465        6466        6467
        6468        6469        6470        6471        6472        6473
        6474        6475        6476        6477        6478        6479
        6480        6481        6482        6483        6484        6485
        6486        6487        6488        6489        6490        6491
        6492        6493        6494        6495        6496        6497
        6498        6499        6500        6501        6502        6503
        6504        6505        6506        6511        6512        6513
        6514        6515        6516        6517        6518        6519
        6520        6521        6522        6523        6524        6525
        6526        6527        6528        6529        6530        6531
        6638        6639        6640        6641        6642        6643
        6644        6645        6646        6647        6648        6649
        6650        6651        6652        6653        6654        6655
        6656        6657        6658        6659        6660        6661
        6662        6663        6664        6665        6666        6667
        6668        6669        6670        6671        6672        6673
        6674        6675        6676        6677        6678        6679
        6680        6681        6682        6683        6684        6690
        6692        6693        6694        6695        6696        6707
        6708        6709        6710        6711        6712        6713
        6714        6715        6716        6717        6718        6719
        6720        6721        6722        6723        6826        6827
        6828        6829        6830        6831        6832        6833
        6834        6835        6836        6837        6838        6839
        6840        6841        6842        6843        6844        6845
        6846        6847        6848        6849        6850        6851
        6852        6853        6854        6855        6856        6857
        6858        6859        6860        6861        6862        6863
        6877        6878        6879        6880        6881        6882
        6883        6894        6895        6896        6902        6903
        6904        6906        6907        6908        6909        6910
        6911        6999        7000        7001        7002        7003
        7004        7005        7006        7007        7008        7009
        7010        7011        7012        7013        7014        7015
        7016        7017        7018        7019        7020        7021
        7022        7023        7024        7025        7028        7041
        7042        7043        7044        7045        7046        7047
        7058        7059        7060        7069        7072        7073
        7150        7151        7152        7153        7154        7155
        7156        7157        7158        7159        7160        7161
        7162        7163        7164        7165        7166        7167
        7168        7169        7170        7188        7189        7190
        7191        7192        7193        7211        7212        7213
        7292        7293        7294        7295        7296        7297
        7298        7299        7300        7301        7302        7303
        7304        7305        7310        7311        7312        7324
        7325        7326        7344        7345        7346        7421
        7422        7423        7424        7425        7426        7427
        7428        7429        7430        7431        8740        8741
        8744        8745        8746        8747        8748        8749
        8752        8753        8754        8755        8758        8759
        8762        8763        8764        8765        8766        8767
        8768        8771        8772        8773        8774        8775
        8776        8777        8778        8779        8780        8781
        8784        8785        8788        8789        8790        8791
        8792        8793        8803        8804        8805        8806
        8807        8809        8810        8811        8812        8813
        8814        8816        8817        8818        8823        8824
        8825        8828        8829        8830        8831        8834
        8835        8836        8837        8838        8839        8840
        8845        8846        8847        8848        8849        8850
        8851        8858        8859        8860        8861        8862
        8872        8873        8874        8875        8884        8885
        8886        8887        8888        8889        8890        8899
        8900        8901        8902        8903        8904        8911
        8912        8914        8922        8923        8925        8928
        8929        8931        8935        8937        3481        3484
        4276        4368        4554        6438        6436        6509
        6687        6698        6685        6508        6689        6872
        6864        7027        6867        6905        7070        7195
        7172        7451        7571        7314        7439        7328
        7570        7467
