           0
           3
           1           3           5
           1          13          18          33
         197         198         199         200         201         202
         203         204         205         206         207         208
         209         210         211         212         213         214
         215         216         217         218         219         220
         221         222         223         224         225         226
         227         228
           3
           1           3           5
           1          15          20          34
          99         118         134         147         160         173
         174         183         184         190         192         194
         195         196           1           2           5          10
          16          35          40          42          53          64
          73          80          85          90          91          93
          94          95         114
           3
           1           3           5
           1          12          16          30
         395         396         397         398         399         400
         401         402         403         404         405         406
         407         408         409         410         411         412
         413         414         415         416         417         418
         419         420         421         422         423
           3
           1           3           5
           1          14          18          31
         233         260         261         317         319         344
         347         363         365         382         383         386
         387           6          11          12          33          74
          75          99         100         119         168         180
         181         185         187         208         222         226
           3
           1           3           5
           1          26          37          69
         424         425         395         426         396         427
         397         428         398         399         429         400
         430         401         431         402         432         403
         433         404         434         405         435         436
         437         438         439         440         406         407
         441         442         408         443         444         409
         445         446         410         411         412         447
         448         449         450         413         451         414
         452         453         415         416         454         455
         417         456         418         457         458         419
         420         459         421         422         460         461
         462         423
           3
           1           3           5
           1          29          38          65
         147         196         231         232         233         260
         261         287         290         317         319         320
         322         339         344         346         347         361
         363         364         365         377         381         382
         383         385         386         387           5           6
           9          11          12          17          19          32
          33          63          74          75          97          98
          99         100         119         123         126         168
         178         179         180         181         183         185
         187         201         207         208         216         221
         222         223         226         257
