          11
           4
           2           8           9          10
           1           5           8          17          28
         199         200         201         202         203         204
         205         206         207         208         209         210
         211         212         213         214         215         216
         217         218         219         220         221         222
         223         224         225
           4
           2           8           9          10
           1           5           8          18          29
          36          48          60          72         158         172
         183           3           9          22          40          66
          89         108         126         143         158         160
         173         183         184         186         193         194
         195         196         197         198
           4
           2           8           9          10
           1           4           7          16          26
         396         397         398         399         400         401
         402         403         404         405         406         407
         408         409         410         411         412         413
         414         415         416         417         418         419
         420
           4
           2           8           9          10
           1           4           8          17          27
          66          93         113         272         332         352
         356           9          36          75          87         118
         169         239         241         270         334         335
         360         362         370         377         380         384
         386         387
           4
           2           8           9          10
           1          10          17          35          58
         421         422         396         397         398         423
         424         425         426         427         399         400
         428         429         430         401         402         431
         432         403         404         433         405         434
         435         406         436         407         437         438
         408         409         410         439         411         440
         441         442         412         413         443         444
         445         414         446         415         416         417
         447         448         449         418         450         451
         419         420         452
           4
           2           8           9          10
           1           8          19          40          61
          66          92          93         110         111         113
         114         240         270         272         273         309
         332         351         352         356         376         377
           2           9          13          25          36          46
          75          87         118         124         125         169
         208         211         239         241         270         271
         274         307         332         278         334         335
         338         339         352         353         360         361
         362         367         368         370         374         375
         377         380         383         384         386         387
