           5
           2
           0           4
           1          15          31
         197         198         199         200         201         202
         203         204         205         206         207         208
         209         210         211         212         213         214
         215         216         217         218         219         220
         221         222         223         224         225         226
           2
           0           4
           1          16          32
         111         128         131         154         173         174
         180         187         188         189         190         191
         192         193         196           1           2           4
           5          10          19          32          49          50
          64          66          77          78          96         116
         142
           2
           0           4
           1          14          29
         392         393         394         395         396         397
         398         399         400         401         402         403
         404         405         406         407         408         409
         410         411         412         413         414         415
         416         417         418         419
           2
           0           4
           1          15          30
         216         248         251         333         335         339
         343         349         360         366         367         372
         374         390           5          12          13          25
          39          58          71          99         129         130
         132         157         158         226         235
           2
           0           4
           1          28          59
         420         392         393         421         422         394
         395         396         423         424         397         425
         426         398         399         427         400         401
         428         429         402         430         431         403
         432         404         433         434         435         405
         406         436         437         407         408         438
         409         439         440         441         442         443
         410         411         412         413         414         415
         444         445         446         416         447         448
         417         418         449         419
           2
           0           4
           1          33          66
         178         179         216         248         251         255
         294         297         312         333         334         335
         337         338         339         343         345         348
         349         350         360         362         364         366
         367         371         372         374         375         376
         379         390           5           6           7          12
          13          21          22          25          28          39
          41          58          60          71          99         100
         101         129         130         132         157         158
         159         161         163         190         192         225
         226         234         235         278         285
