           7
           2
           4           6
           1          19          34
         198         199         200         201         202         203
         204         205         206         207         208         209
         210         211         212         213         214         215
         216         217         218         219         220         221
         222         223         224         225         226         227
         228         229         230
           2
           4           6
           1          17          32
           1           3           4           5           9          10
          11          16          23          24          25          26
          27          29          31          32         105         123
         140         154         155         163         164         165
         166         174         181         182         187         193
         197
           2
           4           6
           1          17          31
         395         396         397         398         399         400
         401         402         403         404         405         406
         407         408         409         410         411         412
         413         414         415         416         417         418
         419         420         421         422         423         424
           2
           4           6
           1          15          29
           9          12          17          19          33          39
          41          60          61          63          65          68
          72         101         206         245         278         303
         307         322         323         331         332         346
         351         374         386         394
           2
           4           6
           1          36          66
         425         426         395         427         428         396
         397         398         429         399         400         401
         430         431         432         402         433         434
         435         403         436         404         405         437
         438         406         407         439         440         408
         441         409         410         442         443         444
         411         445         446         412         413         447
         414         448         415         449         416         417
         418         419         450         451         452         453
         454         420         421         455         456         457
         422         423         458         459         424
           2
           4           6
           1          29          60
           9          10          12          17          18          19
          33          36          39          41          44          45
          59          60          61          62          63          65
          68          70          71          72          75          81
          94          97         101         102         165         206
         207         245         278         281         285         299
         301         303         306         307         309         313
         322         323         326         331         332         346
         347         351         352         367         374         375
         379         386         390         391         394
