          14
           3
           8          10          15
           1           9          24          39
         198         199         200         201         202         203
         204         205         206         207         208         209
         210         211         212         213         214         215
         216         217         218         219         220         221
         222         223         224         225         226         227
         228         229         230         231         232         233
         234         235
           3
           8          10          15
           1           9          24          41
           1           2           3           4           8           9
          10          18           7          16          19          31
          33          39          49          52          56          70
          74          80          88          89          90          67
          87          96         115         133         148         161
         162         174         176         185         186         187
         193         194         195         197
           3
           8          10          15
           1           8          22          36
         409         410         411         412         413         414
         415         416         417         418         419         420
         421         422         423         424         425         426
         427         428         429         430         431         432
         433         434         435         436         437         438
         439         440         441         442         443
           3
           8          10          15
           1           8          22          38
           3           5          24          26          32          43
          49          22          38          39          44          66
          73         116         118         145         149         186
         187         200         212         136         156         243
         245         270         303         306         335         378
         380         383         387         388         390         399
         403
           3
           8          10          15
           1          18          48          77
         444         409         445         410         446         411
         447         448         412         449         450         451
         452         453         413         414         415         416
         454         455         417         418         456         457
         458         459         419         420         421         460
         461         422         462         463         423         424
         464         465         425         426         466         427
         467         428         429         468         469         470
         471         430         431         472         432         473
         433         434         474         475         435         476
         436         477         437         438         478         439
         440         441         479         480         481         482
         442         483         484         443
           3
           8          10          15
           1          15          47          80
           3           5          11          13          15          24
          26          27          28          31          32          43
          49          50          21          22          36          38
          39          44          65          66          67          73
          74          84          94         103         110         111
         116         118         145         149         157         165
         182         186         187         193         200         211
         212         226         230         231         106         135
         136         156         197         198         242         243
         245         270         303         304         305         306
         307         334         335         353         355         359
         361         364         378         380         383         387
         388         390         395         399         401         402
         403
