           2
           4
           1           3          11          13
           1           5           9          13          26
         197         198         199         200         201         202
         203         204         205         206         207         208
         209         210         211         212         213         214
         215         216         217         218         219         220
         221
           4
           1           3          11          13
           1           5          11          15          29
           1           3           6           7           1           6
           9          18          19          23          30          36
          62          85         164         165         166         176
         177         178         179         180         181         182
         183         190         195         196
           4
           1           3          11          13
           1           3           8          11          23
         387         388         389         390         391         392
         393         394         395         396         397         398
         399         400         401         402         403         404
         405         406         407         408
           4
           1           3          11          13
           1           5          12          15          28
           5           6          16          41           7          15
          23          24          39          40          45          69
         117         120         297         309         313         317
         319         338         340         342         343         346
         349         375         385
           4
           1           3          11          13
           1          10          17          24          48
         409         410         411         412         387         413
         414         388         415         389         416         390
         391         417         392         393         394         418
         395         419         420         396         421         422
         397         398         423         399         400         424
         425         401         426         402         427         403
         404         428         405         429         406         407
         430         431         408         432         433
           4
           1           3          11          13
           1          12          27          36          66
           5           6           8          16          17          24
          25          31          39          41          44           6
           7          15          16          23          24          25
          38          39          40          45          50          51
          82          91          54          56          69         117
         120         121         161         162         168         273
         278         296         297         301         302         304
         307         309         311         313         315         317
         319         337         338         339         340         342
         343         346         347         349         353         373
         375         380         381         384         385
