           3
           4
           0           1           2           6
           1           6          12          18          21
         198         199         200         201         202         203
         204         205         206         207         208         209
         210         211         212         213         214         215
         216         217
           4
           0           1           2           6
           1           6          10          14          17
         170         171         181         189         190         192
         193         194         195         194         195         196
         197         185         188         191
           4
           0           1           2           6
           1           5          10          17          19
         369         370         371         372         373         374
         375         376         377         378         379         380
         381         382         383         384         385         386
           4
           0           1           2           6
           1           5           8          13          15
         304         305         326         342         352         362
         364         352         356         360         363         364
         333         345
           4
           0           1           2           6
           1          10          24          39          44
         387         369         388         370         371         389
         390         391         372         373         392         393
         394         395         374         396         375         397
         398         376         399         377         400         401
         378         379         402         380         381         403
         404         382         383         384         405         406
         407         408         385         409         386         410
         411
           4
           0           1           2           6
           1          12          19          26          30
         289         291         292         304         305         308
         325         326         327         329         342         352
         354         358         361         362         363         364
         352         355         356         360         362         363
         364         333         336         338         345
