          15
           3
          12          13          14
           1           7          15          32
         197         198         199         200         201         202
         203         204         205         206         207         208
         209         210         211         212         213         214
         215         216         217         218         219         220
         221         222         223         224         225         226
         227
           3
          12          13          14
           1           8          16          31
           3          13          25          29          41          51
          52          52          53          54          66          68
          84          86         103          11          23          36
          49          50          64          79          94          95
         111         112         114         133         135         153
           3
          12          13          14
           1           7          14          30
         401         402         403         404         405         406
         407         408         409         410         411         412
         413         414         415         416         417         418
         419         420         421         422         423         424
         425         426         427         428         429
           3
          12          13          14
           1           7          15          29
           5          48          49          59         122         143
         106         109         113         115         147         150
         184         185          43          44          72         102
         105         168         202         237         239         241
         242         246         285         322
           3
          12          13          14
           1          13          29          62
         430         401         431         432         402         403
         433         404         434         405         435         406
         436         407         437         438         408         439
         440         441         409         410         442         411
         443         412         444         413         445         446
         414         415         447         448         449         416
         417         418         419         450         451         420
         452         453         421         454         455         456
         457         458         422         423         424         425
         426         427         459         428         460         461
         429
           3
          12          13          14
           1          15          32          61
           4           5           6          21          48          49
          52          57          59         109         122         124
         143         144         106         109         112         113
         115         116         141         143         145         147
         150         174         180         182         184         185
         223          15          41          43          44          45
          72         101         102         105         134         137
         168         201         202         203         237         239
         240         241         242         246         275         277
         281         283         285         320         321         322
