          10
           3
           8          11          14
           1           9          20          35
         197         198         199         200         201         202
         203         204         205         206         207         208
         209         210         211         212         213         214
         215         216         217         218         219         220
         221         222         223         224         225         226
         227         228         229         230
           3
           8          11          14
           1           8          19          34
          59          67          68          75          77          80
          87          13          29          44          59          60
          76          78          97          99         100         102
         138         148         158         166         172         174
         180         183         190         191         192         193
         194         195         196
           3
           8          11          14
           1           9          19          33
         402         403         404         405         406         407
         408         409         410         411         412         413
         414         415         416         417         418         419
         420         421         422         423         424         425
         426         427         428         429         430         431
         432         433
           3
           8          11          14
           1           7          17          31
         129         131         133         148         152         155
          16          84          85         159         166         196
         197         208         243         245         254         278
         298         330         343         348         359         366
         370         377         379         382         388         390
           3
           8          11          14
           1          18          39          71
         434         435         402         436         437         438
         403         404         439         440         405         406
         407         408         441         409         442         443
         410         411         444         445         446         447
         412         448         413         449         450         414
         451         452         415         416         453         417
         418         419         454         420         455         421
         422         423         456         424         457         425
         458         459         460         461         462         463
         426         427         428         429         464         465
         466         430         431         467         432         468
         433         469         470         471
           3
           8          11          14
           1          15          38          68
         129         131         132         133         148         152
         153         155         159         161         179         180
         181         194          16          45          46          48
          84          85         114         151         152         159
         165         166         196         197         205         206
         207         208         238         240         243         245
         246         254         274         277         278         298
         300         302         311         329         330         343
         348         349         358         359         362         363
         366         370         371         374         377         379
         380         382         385         388         390         392
         393
