           9
           3
           6           8          11
           1           4          18          28
         197         198         199         200         201         202
         203         204         205         206         207         208
         209         210         211         212         213         214
         215         216         217         218         219         220
         221         222         223
           3
           6           8          11
           1           4          19          28
           1           2           7         136         137         141
         142         158         159         169         180         181
         182         184         190         194         195         196
          72         103         130         153         168         179
         188         193         196
           3
           6           8          11
           1           3          17          26
         389         390         391         392         393         394
         395         396         397         398         399         400
         401         402         403         404         405         406
         407         408         409         410         411         412
         413
           3
           6           8          11
           1           3          17          26
           6          12         202         251         261         297
         298         319         320         329         344         348
         351         374         377         380         123         178
         232         282         339         360         374         375
         383
           3
           6           8          11
           1           8          38          59
         414         389         415         416         417         418
         390         391         392         419         420         421
         393         422         394         395         423         396
         397         424         425         426         398         427
         399         428         400         429         430         401
         431         402         432         403         404         433
         434         435         405         436         437         406
         438         407         408         409         439         440
         410         441         442         411         412         413
         443         444         445         446
           3
           6           8          11
           1           6          37          55
           5           6           9          11          12         195
         202         249         250         251         254         257
         258         261         286         287         297         298
         317         319         320         321         325         329
         344         347         348         350         351         368
         371         373         374         377         379         380
         123         176         177         178         232         281
         282         315         338         339         357         360
         361         373         374         375         383         385
