          13
           3
           2          12          15
           1          15          30          38
         197         198         199         200         201         202
         203         204         205         206         207         208
         209         210         211         212         213         214
         215         216         217         218         219         220
         221         222         223         224         225         226
         227         228         229         230         231         232
         233
           3
           2          12          15
           1          14          27          35
           1           2           3           4           5           6
           7           8           9          15          16          33
          52          11          22          38          56          72
          86         101         115         128         139         149
         160         172         172         182         183         184
         186         192         195         196
           3
           2          12          15
           1          14          27          35
         407         408         409         410         411         412
         413         414         415         416         417         418
         419         420         421         422         423         424
         425         426         427         428         429         430
         431         432         433         434         435         436
         437         438         439         440
           3
           2          12          15
           1          13          25          32
          15          18          22          23          30          36
          42          45          47          52          69          76
          34          56         120         179         184         244
         264         288         309         310         347         350
         348         358         375         379         383         398
         404
           3
           2          12          15
           1          31          61          78
         441         442         443         407         444         445
         446         447         408         448         409         449
         410         411         450         412         451         413
         414         415         416         452         417         453
         454         418         455         456         457         419
         458         459         420         460         421         422
         461         462         423         463         464         424
         425         426         465         466         427         467
         428         468         429         469         470         430
         471         431         432         472         473         474
         433         434         475         435         436         476
         477         478         479         437         438         480
         481         482         439         440         483
           3
           2          12          15
           1          25          52          68
          11          15          18          19          22          23
          24          27          30          32          36          41
          42          45          46          47          50          52
          69          70          75          76          77         107
          34          56          59          60         117         120
         122         123         179         183         184         205
         242         244         262         263         264         287
         288         309         310         327         328         347
         350         375         376         347         348         349
         352         358         359         372         374         375
         379         381         383         395         398         400
         404
