           8
           5
           9          10          11          12          14
           1          16          23          26          29          37
         197         198         199         200         201         202
         203         204         205         206         207         208
         209         210         211         212         213         214
         215         216         217         218         219         220
         221         222         223         224         225         226
         227         228         229         230         231         232
           5
           9          10          11          12          14
           1          15          23          26          29          37
           1           2           3           5           7           8
          13          25          26          27          42          56
          79          80         134         142         154         155
         156         157         159         165          80         108
         134         166         167         168         179         180
         187         188         193         194         195         196
           5
           9          10          11          12          14
           1          15          21          25          27          34
         402         403         404         405         406         407
         408         409         410         411         412         413
         414         415         416         417         418         419
         420         421         422         423         424         425
         426         427         428         429         430         431
         432         433         434
           5
           9          10          11          12          14
           1          15          23          26          28          35
          11          13          20          24          25          29
          30          56          62          89         125         134
         166         167         266         272         273         308
         313         314         318         328         168         268
         311         333         334         355         358         360
         377         391         392         398
           5
           9          10          11          12          14
           1          32          46          57          62          76
         435         402         436         437         403         438
         439         440         404         441         442         405
         406         443         407         408         444         445
         409         410         446         411         447         412
         448         449         450         413         414         451
         415         416         417         452         418         419
         420         453         421         454         455         456
         457         458         459         460         461         422
         462         463         423         464         424         425
         465         466         467         426         427         468
         469         428         429         470         471         472
         430         431         473         474         475         432
         433         434         476
           5
           9          10          11          12          14
           1          31          48          55          61          78
          11          13          14          15          17          20
          21          24          25          28          29          30
          41          53          54          56          58          62
          87          89          90         124         125         130
         134         135         166         167         168         171
         217         265         266         267         268         271
         272         273         275         285         308         313
         314         318         319         328         361         166
         168         268         270         273         310         311
         287         289         290         294         333         334
         327         355         356         358         359         360
         361         376         377         378         383         384
         386         388         391         392         398
