           6
           3
           3           7           9
           1           4          19          22
         196         197         198         199         200         201
         202         203         204         205         206         207
         208         209         210         211         212         213
         214         215         216
           3
           3           7           9
           1           4          19          22
           1           5          13          10          18          24
          30          37          43          60          61          62
          80          98         111         126         140         155
         193         194         195
           3
           3           7           9
           1           3          17          19
         377         378         379         380         381         382
         383         384         385         386         387         388
         389         390         391         392         393         394
           3
           3           7           9
           1           3          17          19
           3          24          19          42          45          59
          83          92         117         118         120         192
         216         247         248         303         364         376
           3
           3           7           9
           1           5          36          41
         377         395         396         378         397         379
         398         380         381         399         400         401
         402         382         403         383         404         405
         384         385         406         386         387         388
         407         389         408         409         390         410
         411         391         412         413         392         414
         393         415         416         394
           3
           3           7           9
           1           6          36          43
           3          11          24          25          28          18
          19          36          37          42          45          57
          59          69          83          89          92         117
         118         120         123         150         153         189
         191         192         216         221         245         246
         247         248         273         299         303         363
         364         366         368         370         371         376
