           1
           3
           0           2           3
           1          15          19          23
         197         198         199         200         201         202
         203         204         205         206         207         208
         209         210         211         212         213         214
         215         216         217         218
           3
           0           2           3
           1          13          17          23
           6          17          35          51          67          81
          95          96         110         112         124         129
         192         193         195         196         189         190
         191         192         194         195
           3
           0           2           3
           1          14          18          21
         380         381         382         383         384         385
         386         387         388         389         390         391
         392         393         394         395         396         397
         398         399
           3
           0           2           3
           1          12          14          19
          22          56          85         117         121         144
         180         207         211         241         245         363
         370         344         362         364         369         371
           3
           0           2           3
           1          29          40          47
         400         401         402         403         380         381
         382         404         405         383         384         406
         407         408         385         409         386         410
         387         411         388         412         413         389
         390         414         391         392         393         394
         415         395         416         417         418         419
         420         396         421         397         422         423
         424         398         425         399
           3
           0           2           3
           1          26          35          49
          19          21          22          25          56          83
          85         116         117         121         122         144
         177         180         183         207         210         211
         212         241         243         245         269         276
         280         345         346         353         354         363
         364         367         370         371         344         353
         358         359         361         362         363         364
         366         368         369         370         371         372
