           4
           2
           5           7
           1          17          33
         197         198         199         200         201         202
         203         204         205         206         207         208
         209         210         211         212         213         214
         215         216         217         218         219         220
         221         222         223         224         225         226
         227         228
           2
           5           7
           1          17          35
          69          93          94          97         105         130
         155         172         173         181         182         188
         189         193         194         196         131         132
         134         141         145         146         156         157
         158         159         160         161         162         163
         164         166         177         185
           2
           5           7
           1          16          30
         401         402         403         404         405         406
         407         408         409         410         411         412
         413         414         415         416         417         418
         419         420         421         422         423         424
         425         426         427         428         429
           2
           5           7
           1          16          32
         120         123         173         195         198         303
         339         342         343         360         362         370
         389         390         398         228         252         253
         254         257         261         262         267         277
         282         283         310         315         321         357
         358
           2
           5           7
           1          34          62
         401         430         431         402         403         432
         433         404         434         405         435         406
         436         407         408         437         438         409
         410         411         412         413         439         440
         441         442         443         444         414         445
         415         446         447         416         448         417
         418         449         419         420         450         421
         422         451         452         453         423         424
         454         425         426         427         455         456
         428         457         458         459         460         429
         461
           2
           5           7
           1          32          67
         117         119         120         123         141         171
         173         195         196         198         199         296
         298         299         301         303         339         342
         343         360         362         363         366         367
         370         378         380         389         390         394
         398         203         221         228         232         250
         252         253         254         256         257         261
         262         263         264         265         267         270
         271         276         277         278         282         283
         286         309         310         315         317         320
         321         354         357         358         374         375
