          12
           3
           8          13          15
           1           4          17          24
         197         198         199         200         201         202
         203         204         205         206         207         208
         209         210         211         212         213         214
         215         216         217         218         219
           3
           8          13          15
           1           4          19          25
          75          76          77          20          21          40
          78         102         103         124         142         155
         166         176         177         185         192         196
         182         188         190         194         195         196
           3
           8          13          15
           1           3          15          21
         375         376         377         378         379         380
         381         382         383         384         385         386
         387         388         389         390         391         392
         393         394
           3
           8          13          15
           1           3          16          22
         129         174          33          35         132         178
         213         214         255         303         306         327
         330         348         358         335         349         354
         356         360         370
           3
           8          13          15
           1           7          34          48
         395         396         397         398         375         376
         377         378         399         400         401         379
         402         403         380         404         381         405
         406         382         407         408         383         409
         384         385         386         410         411         387
         388         412         413         414         389         415
         416         390         391         417         418         392
         419         393         420         394         421
           3
           8          13          15
           1           6          36          48
         127         129         174         175         177          27
          28          33          34          35         132         133
         152         178         180         191         213         214
         255         262         283         303         305         306
         310         327         328         329         330         343
         348         358         360         361         371         319
         335         336         337         349         354         355
         356         358         360         366         370
