          13
         196
          37
        2032        2105        2106        2115        2116        2117
        2118        2119        2120        2121        2192        2193
        2194        2195        2196        2197        2203        2204
        2205        2206        2207        2256        2275        2276
        2277        2278        2279        2280        2281        2282
        2283        2284        2285        2288        2289        2290
        2291        2333        2351        2352        2353        2354
        2355        2356        2357        2358        2359        2360
        2361        2362        2363        2364        2365        2366
        2367        2406        2424        2425        2426        2427
        2428        2429        2430        2431        2432        2433
        2434        2435        2436        2437        2438        2478
        2494        2495        2496        2497        2498        2499
        2500        2501        2502        2503        2504        2505
        2506        2544        2545        2559        2560        2561
        2562        2563        2564        2565        2566        2567
        2568        2569        2570        2605        2606        2617
        2618        2619        2620        2621        2622        2623
        2624        2625        2626        2627        2628        2660
        2661        2671        2672        2673        2674        2675
        2676        2677        2678        2679        2680        2681
        2709        2710        2718        2719        2720        2721
        2722        2723        2724        2725        2726        2756
        2757        2763        2764        2765        2766        2767
        2768        2769        2770        2805        2806        2810
        2811        2812        2813        2814        2815        2816
        2817        2818        2856        2857        2860        2861
        2862        2863        2864        2865        2866        2867
        2868        2901        2902        2903        2905        2906
        2907        2908        2909        2910        2911        2912
        2913        2914        2943        2945        2946        2947
        2948        2949        2950        2951        2982        2983
        2984        2985        3015        3017        1950        2015
        2016        2026        2027        2028        2029        2030
        2031        2107        2108        2198        2286        2287
        2104        2173        2257        2405        2477        2479
        2546        2607        2662        2711        2758        2759
        2807        2858        2904        2944        2952        2953
        2979        2981        3013        3016        3042
         406
          34
          43
        3596        3711        3713        3733        3734        3735
        3740        3743        3744        3882        3883        3885
        3887        3888        3900        3901        3902        3903
        3904        3905        3906        3907        3908        3909
        3910        3911        3912        3913        3914        3915
        3916        3917        4043        4044        4045        4046
        4047        4048        4049        4050        4051        4052
        4053        4054        4063        4064        4065        4066
        4067        4068        4069        4070        4071        4072
        4166        4167        4168        4196        4197        4198
        4199        4200        4201        4202        4203        4204
        4205        4206        4207        4208        4209        4210
        4211        4212        4213        4214        4215        4217
        4218        4221        4222        4223        4224        4225
        4333        4334        4335        4336        4337        4338
        4339        4340        4341        4342        4343        4344
        4345        4346        4347        4348        4349        4350
        4351        4352        4353        4354        4355        4356
        4357        4358        4359        4360        4361        4362
        4363        4364        4433        4434        4435        4436
        4474        4475        4476        4477        4478        4479
        4480        4481        4482        4483        4484        4485
        4486        4487        4488        4489        4490        4491
        4492        4493        4494        4495        4496        4497
        4498        4499        4500        4501        4502        4503
        4504        4505        4580        4603        4604        4605
        4606        4607        4608        4609        4610        4611
        4612        4613        4614        4615        4616        4617
        4618        4619        4620        4621        4622        4623
        4624        4625        4626        4627        4693        4694
        4695        4696        4697        4698        4729        4730
        4731        4732        4733        4734        4735        4736
        4737        4738        4739        4740        4741        4742
        4743        4744        4745        4746        4747        4748
        4815        4816        4817        4818        4820        4836
        4837        4838        4839        4840        4841        4842
        4843        4844        4845        4846        4847        4848
        4849        4850        4851        4852        4853        4854
        4855        4856        4857        4858        4859        4860
        4861        4862        4863        4864        4865        4923
        4924        4925        4926        4927        4948        4949
        4950        4951        4952        4953        4954        4955
        4956        4957        4958        4959        4960        4961
        4962        4963        4964        5012        5013        5014
        5016        5029        5030        5031        5032        5033
        5034        5035        5036        5037        5038        5039
        5040        5041        5042        5043        5044        5045
        5046        5047        5107        5108        5109        5110
        5111        5112        5113        5122        5123        5124
        5125        5126        5127        5128        5129        5130
        5131        5132        5133        5134        5135        5136
        5137        5200        5201        5202        5203        5204
        5205        5212        5213        5214        5215        5216
        5217        5218        5219        5220        5221        5222
        5223        5294        5295        5296        5298        5302
        5303        5304        5305        5306        5307        5308
        5309        5310        5311        5312        5313        5314
        5315        5316        5317        5378        5379        5380
        5381        5382        5383        5385        5386        5387
        5388        5389        5390        5391        5392        5393
        5394        5395        5396        5397        5398        5399
        5400        5401        5402        5403        5404        5405
        5406        5466        5467        5468        5469        5471
        5472        5473        5474        5475        5476        5477
        5478        5479        5480        5481        5482        5485
        5488        5539        5544        5545        5546        5547
        5548        5549        5550        5551        5552        5553
        5602        5605        5608        5658        3583        3595
        3712        3716        3718        3737        3739        3741
        3742        3745        3886        4057        4220        4013
        4015        4437        4579        4699        4700        4819
        5015        5018        5114        5117        5211        5297
        5465        5470        5484        5486        5540        5543
        5606        5607        3466        3564        3582        3587
        3588        3590        3593        3597        3714        3736
        3738        3884        3890        4055        4062        4216
        4219        3877        3878        4014        4438        4457
        4581        4592        4826        4931        5017        5022
        5115        5116        5206        5299        5300        5384
        5483        5487        5534        5536        5538        5595
        5601        5603        5657
         604
          34
        5309        5493        5494        5519        5520        5521
        5523        5525        5526        5527        5530        5531
        5532        5534        5535        5536        5537        5538
        5539        5735        5736        5737        5738        5739
        5741        5742        5745        5746        5761        5762
        5763        5764        5765        5766        5767        5768
        5769        5770        5771        5772        5773        5774
        5775        5776        5777        5778        5779        5921
        5924        5970        5971        5972        5973        5974
        5975        5976        5977        5978        5979        5980
        5981        5982        5983        5984        5985        5986
        5987        5988        5998        5999        6000        6001
        6002        6003        6004        6005        6006        6007
        6008        6009        6010        6011        6012        6139
        6140        6141        6185        6186        6187        6188
        6189        6190        6191        6192        6193        6194
        6195        6196        6197        6198        6199        6200
        6201        6202        6203        6204        6205        6206
        6207        6208        6209        6210        6211        6212
        6213        6214        6215        6216        6217        6218
        6219        6221        6222        6223        6224        6225
        6226        6227        6228        6229        6230        6231
        6340        6388        6389        6390        6391        6392
        6393        6394        6395        6396        6397        6398
        6399        6400        6401        6402        6403        6404
        6405        6406        6407        6408        6409        6410
        6411        6412        6413        6414        6415        6416
        6417        6418        6419        6420        6421        6422
        6423        6424        6425        6426        6427        6428
        6429        6430        6431        6432        6433        6434
        6435        6534        6535        6536        6584        6585
        6586        6587        6588        6589        6590        6591
        6592        6593        6594        6595        6596        6597
        6598        6599        6600        6601        6602        6603
        6604        6605        6606        6607        6608        6609
        6610        6611        6612        6613        6614        6615
        6616        6617        6618        6619        6620        6621
        6622        6623        6724        6726        6727        6728
        6729        6731        6773        6774        6775        6776
        6777        6778        6779        6780        6781        6782
        6783        6784        6785        6786        6787        6788
        6789        6790        6791        6792        6793        6794
        6795        6796        6797        6798        6799        6800
        6801        6802        6803        6804        6805        6806
        6807        6808        6809        6912        6913        6914
        6915        6916        6917        6920        6954        6955
        6956        6957        6958        6959        6960        6961
        6962        6963        6964        6965        6966        6967
        6968        6969        6970        6971        6972        6973
        6974        6975        6976        6977        6978        6979
        6980        6981        6982        6983        6984        6985
        6986        7074        7075        7076        7077        7078
        7079        7080        7109        7110        7111        7112
        7113        7114        7115        7116        7117        7118
        7119        7120        7121        7122        7123        7124
        7125        7126        7127        7128        7129        7130
        7131        7132        7133        7134        7135        7136
        7137        7138        7139        7140        7141        7142
        7227        7228        7229        7230        7231        7232
        7233        7258        7259        7260        7261        7262
        7263        7264        7265        7266        7267        7268
        7269        7270        7271        7272        7273        7274
        7275        7276        7277        7278        7279        7280
        7281        7282        7283        7284        7285        7286
        7360        7361        7362        7363        7364        7365
        7368        7386        7387        7388        7389        7390
        7391        7392        7393        7394        7395        7396
        7397        7398        7399        7400        7401        7402
        7403        7404        7405        7406        7407        7408
        7409        7489        7490        7491        7492        7493
        7494        7495        7499        7508        7509        7510
        7511        7512        7513        7514        7515        7516
        7517        7518        7519        7520        7521        7522
        7523        7524        7525        7526        7527        7528
        7529        7629        7630        7631        7632        7633
        7634        7635        7643        7644        7645        7646
        7647        7648        7649        7650        7651        7652
        7653        7654        7655        7656        7657        7658
        7659        7660        7661        7662        7663        7664
        7665        7666        7667        7668        7773        7774
        7775        7776        7777        7778        7781        7784
        7785        7786        7787        7788        7789        7790
        7791        7792        7793        7794        7795        7796
        7797        7798        7799        7800        7801        7802
        7803        7804        7805        7806        7807        7808
        7809        7900        7901        7902        7903        7904
        7905        7906        7907        7908        7911        7912
        7913        7914        7915        7916        7917        7918
        7919        7920        7921        7922        7923        7924
        7925        7926        7927        7928        7929        7930
        7931        7932        7933        7934        7935        7936
        7937        8018        8019        8020        8023        8024
        8025        8026        8027        8028        8029        8030
        8031        8032        8033        8034        8035        8036
        8037        8038        8039        8125        8126        8127
        8128        8129        8130        8131        8132        8133
        8134        8217        8218        8219        8856        8869
        8870        8881        8882        8891        8897        8898
        8905        8908        8915        8919        8926        8932
        8938        8943        8947        8954        8960        8962
        8964        8966        8968        8970        5310        5491
        5492        5522        5533        5308        5734        5529
        5740        5524        5528        5743        5923        5990
        6220        6532        6725        6732        7081        6919
        7235        7367        7496        7498        7637        7780
        8021        7910        8044        8042        8043        8124
        8212        8221
