          10
         196
          34
        1861        1917        1918        1919        1924        1925
        1926        1927        1928        1929        1930        1988
        1990        1991        1992        1993        1994        1995
        2001        2002        2003        2004        2005        2006
        2007        2008        2009        2069        2070        2071
        2072        2073        2074        2075        2076        2083
        2084        2085        2086        2087        2088        2089
        2090        2152        2153        2154        2155        2156
        2157        2158        2159        2166        2167        2168
        2169        2170        2171        2172        2230        2233
        2234        2235        2236        2237        2238        2239
        2248        2249        2250        2251        2252        2253
        2254        2255        2302        2304        2307        2310
        2311        2312        2313        2314        2315        2316
        2317        2318        2320        2325        2326        2327
        2328        2329        2330        2331        2332        2376
        2377        2378        2379        2380        2381        2382
        2383        2384        2385        2386        2387        2388
        2389        2391        2392        2397        2398        2399
        2400        2401        2402        2403        2404        2449
        2450        2451        2452        2453        2454        2455
        2456        2457        2458        2459        2460        2461
        2464        2465        2470        2471        2472        2473
        2474        2475        2476        2515        2516        2517
        2518        2519        2520        2521        2522        2523
        2524        2525        2530        2531        2532        2537
        2541        2542        2543        2577        2578        2579
        2580        2581        2582        2583        2584        2585
        2586        2592        2593        2594        2599        2604
        2633        2634        2635        2636        2637        2638
        2639        2646        2647        2654        2685        2686
        2687        2688        2689        2691        2696        2703
        2732        2733        2734        2735        2147        2165
        2219        2225        2231        2232        2241        2247
        1989        2068        2148        2151        2221        2229
        2303        2305        2306        2308        2309        2526
        2539        2587        2603        2640        2648        2659
        2692        2697        2738        2742        2748        2784
        2785        2786
         401
          32
          38
        3432        3538        3539        3540        3541        3553
        3554        3555        3556        3557        3558        3559
        3560        3561        3669        3670        3671        3672
        3673        3674        3675        3676        3677        3678
        3679        3680        3681        3690        3691        3692
        3693        3694        3695        3696        3697        3698
        3699        3700        3701        3702        3703        3704
        3705        3810        3813        3814        3815        3816
        3817        3818        3819        3820        3821        3822
        3823        3824        3825        3826        3827        3828
        3829        3843        3844        3845        3846        3847
        3848        3849        3850        3851        3852        3853
        3854        3855        3856        3857        3970        3973
        3974        3975        3976        3977        3978        3979
        3980        3981        3982        3983        3984        3985
        3986        3987        3988        3989        4000        4001
        4002        4003        4004        4005        4006        4007
        4008        4009        4010        4011        4012        4096
        4101        4108        4109        4116        4118        4121
        4122        4123        4124        4125        4126        4127
        4128        4129        4130        4131        4132        4133
        4136        4139        4148        4149        4150        4151
        4152        4153        4154        4155        4156        4157
        4158        4159        4160        4161        4162        4163
        4164        4165        4240        4241        4243        4244
        4245        4248        4249        4250        4251        4252
        4255        4256        4257        4258        4259        4260
        4261        4262        4263        4264        4265        4266
        4267        4268        4269        4270        4271        4272
        4273        4274        4275        4276        4278        4279
        4290        4291        4292        4293        4294        4295
        4296        4297        4298        4299        4300        4301
        4379        4380        4381        4382        4383        4384
        4385        4386        4387        4388        4389        4390
        4391        4392        4393        4394        4395        4396
        4397        4398        4399        4400        4401        4402
        4403        4404        4407        4408        4417        4418
        4419        4420        4421        4422        4423        4424
        4425        4426        4427        4428        4429        4430
        4431        4432        4521        4522        4523        4524
        4525        4526        4527        4528        4529        4530
        4531        4532        4533        4534        4535        4536
        4537        4538        4539        4540        4541        4542
        4543        4544        4545        4546        4547        4548
        4549        4555        4556        4557        4565        4566
        4567        4568        4569        4570        4571        4572
        4573        4574        4575        4576        4577        4578
        4640        4641        4642        4643        4644        4645
        4646        4647        4648        4649        4650        4651
        4652        4653        4654        4655        4656        4657
        4658        4659        4660        4661        4662        4663
        4664        4665        4674        4675        4676        4684
        4685        4690        4691        4692        4760        4761
        4762        4763        4764        4765        4766        4767
        4768        4769        4770        4771        4772        4773
        4774        4775        4776        4777        4778        4779
        4781        4782        4789        4790        4791        4792
        4793        4794        4803        4804        4812        4813
        4814        4874        4875        4876        4877        4878
        4879        4880        4881        4882        4883        4884
        4896        4897        4898        4900        4910        4911
        4922        4969        4970        4971        4972        4973
        4974        4975        4976        4977        4978        4979
        4980        4983        4984        4990        4991        4993
        5004        5005        5057        5058        5059        5060
        5061        5062        5063        5064        5065        5071
        5072        5082        5157        5158        5159        3945
        3968        3969        4095        4119        4120        4137
        4147        3811        3812        4098        4100        4110
        4117        4242        4247        4253        4254        4667
        4688        4689        4780        4809        4885        4992
        4994        5069        5073        5160        5161        5174
        5186        3800        3944        3946        3953        3956
        3972        3999        4138        4289        3629        3947
        3948        3965        3966        4099        4105        4106
        4114        4115        4246        4666        4686        4808
        4810        4886        4899        4909        4920        4985
        4986        5081        5089        5156        5167        5185
        5255        5259        5260
         598
          32
        5055        5056        5212        5213        5214        5215
        5216        5217        5218        5219        5234        5235
        5236        5237        5238        5239        5240        5241
        5242        5243        5244        5245        5246        5247
        5248        5249        5250        5251        5252        5253
        5254        5255        5418        5421        5422        5423
        5424        5425        5426        5427        5428        5429
        5430        5431        5432        5433        5434        5435
        5436        5437        5438        5439        5455        5456
        5457        5458        5459        5460        5461        5462
        5463        5464        5465        5466        5467        5468
        5469        5470        5471        5472        5473        5474
        5475        5476        5477        5478        5634        5637
        5638        5639        5640        5641        5642        5643
        5644        5645        5646        5647        5648        5649
        5650        5651        5652        5653        5654        5655
        5656        5657        5658        5659        5660        5679
        5680        5681        5682        5683        5684        5685
        5686        5687        5688        5689        5690        5691
        5692        5693        5694        5695        5696        5697
        5698        5699        5847        5849        5856        5857
        5859        5860        5861        5862        5863        5864
        5865        5866        5867        5868        5869        5870
        5871        5872        5873        5874        5875        5876
        5877        5878        5879        5880        5900        5901
        5902        5903        5904        5905        5906        5907
        5908        5909        5910        5911        5912        5913
        5914        5915        5916        5917        5918        5919
        6039        6040        6044        6046        6055        6056
        6066        6068        6069        6070        6071        6073
        6074        6075        6076        6077        6078        6079
        6080        6081        6082        6083        6084        6085
        6086        6087        6088        6089        6090        6091
        6092        6093        6094        6095        6096        6100
        6102        6118        6119        6120        6121        6122
        6123        6124        6125        6126        6127        6128
        6129        6130        6131        6132        6133        6134
        6135        6136        6137        6138        6254        6255
        6256        6258        6259        6260        6261        6262
        6264        6265        6267        6268        6269        6270
        6271        6272        6273        6275        6276        6277
        6278        6279        6280        6281        6282        6283
        6284        6285        6286        6287        6288        6289
        6290        6291        6292        6293        6294        6295
        6296        6297        6298        6299        6300        6301
        6302        6306        6307        6318        6319        6320
        6321        6322        6323        6324        6325        6326
        6327        6328        6329        6330        6331        6332
        6333        6334        6335        6336        6337        6338
        6339        6453        6454        6455        6456        6457
        6458        6459        6460        6461        6462        6463
        6464        6465        6466        6467        6468        6469
        6470        6471        6472        6473        6474        6475
        6476        6477        6478        6479        6480        6481
        6482        6483        6484        6485        6486        6487
        6488        6489        6490        6491        6492        6497
        6498        6499        6500        6511        6512        6513
        6514        6515        6516        6517        6518        6519
        6520        6521        6522        6523        6524        6525
        6526        6527        6528        6529        6530        6531
        6647        6648        6649        6650        6651        6652
        6653        6654        6655        6656        6657        6658
        6659        6660        6661        6662        6663        6664
        6665        6666        6667        6668        6669        6670
        6671        6672        6673        6674        6675        6676
        6677        6678        6679        6680        6681        6682
        6683        6684        6692        6693        6694        6695
        6696        6707        6708        6709        6710        6711
        6712        6713        6714        6715        6716        6717
        6718        6719        6720        6721        6722        6723
        6829        6830        6831        6832        6833        6834
        6835        6836        6837        6838        6839        6840
        6841        6842        6843        6844        6845        6846
        6847        6848        6849        6850        6851        6852
        6853        6854        6855        6856        6857        6858
        6859        6860        6861        6863        6877        6878
        6879        6880        6881        6882        6883        6894
        6895        6896        6904        6907        6908        6909
        6910        6911        6999        7000        7001        7002
        7003        7004        7005        7006        7007        7008
        7009        7010        7011        7012        7013        7014
        7015        7016        7017        7018        7019        7020
        7021        7022        7023        7024        7025        7028
        7041        7042        7043        7044        7045        7046
        7047        7058        7059        7060        7073        7150
        7151        7152        7153        7154        7155        7156
        7157        7158        7159        7160        7161        7162
        7163        7164        7165        7166        7167        7168
        7169        7170        7188        7189        7190        7191
        7192        7193        7211        7212        7213        7292
        7293        7294        7295        7296        7297        7298
        7299        7300        7301        7302        7303        7304
        7305        7310        7311        7312        7324        7325
        7326        7344        7345        7346        7421        7422
        7423        7424        7425        7426        7427        7428
        7429        7430        7431        8830        8831        8836
        8837        8838        8839        8840        8848        8849
        8850        8851        8862        8875        8888        8890
        8902        8904        8912        8914        8923        8925
        8929        8931        8935        8937        5635        5420
        5848        5858        5846        5845        5899        6103
        5898        6038        6045        6057        6266        6274
        6067        6072        6257        6263        6862        6903
        7027        6867        7195        7072        7172        7451
        7571        7314        7439        7328        7570        7467
