           0
         196
          32
         367         418         423         424         427         480
         486         487         488         490         538         539
         545         546         547         548         589         590
         591         599         600         601         642         643
         644         645         655         656         696         697
         698         699         709         710         711         712
         752         753         754         756         757         759
         763         764         765         766         804         805
         806         807         809         810         811         812
         815         816         817         818         819         858
         859         860         861         862         863         864
         865         866         869         870         871         872
         875         908         909         910         911         912
         913         914         915         916         917         918
         919         920         921         922         923         924
         925         926         927         928         929         955
         956         957         958         959         960         961
         962         963         964         965         966         967
         968         969         970         971         972         973
         999        1000        1001        1002        1004        1005
        1006        1007        1008        1009        1010        1011
        1012        1013        1014        1015        1016        1046
        1048        1049        1051        1052        1053        1054
        1055        1056        1057        1058        1059        1060
        1061        1095        1097        1099        1100        1101
        1102        1103        1104        1105        1106        1107
        1108        1139        1140        1142        1143        1144
        1145        1146        1147        1148        1149        1150
        1151        1152        1182        1183        1184        1186
        1187        1188        1189        1190        1191        1192
        1217        1219        1220        1222        1223        1224
        1225        1226        1248        1250        1253        1254
        1255        1274        1278        1280        1003        1050
        1098        1141        1185        1221        1251        1252
        1276        1279        1296        1301         363         365
         425         489         491         657         701         704
         758         808         813         824         867         868
         873         874         876         877         878         930
         394
          29
          39
         674         675         677         678         771         772
         782         783         784         788         789         790
         884         894         895         896         897         898
         899         900         982         983         984         985
         997         998         999        1000        1001        1002
        1003        1004        1005        1006        1082        1083
        1084        1085        1086        1095        1096        1097
        1169        1170        1171        1172        1173        1174
        1175        1193        1194        1195        1196        1273
        1274        1275        1276        1277        1279        1285
        1286        1295        1296        1297        1298        1299
        1372        1373        1374        1375        1376        1377
        1378        1380        1381        1382        1383        1384
        1386        1393        1394        1395        1396        1397
        1398        1467        1468        1469        1470        1471
        1472        1473        1474        1478        1479        1480
        1481        1482        1483        1484        1485        1490
        1491        1492        1493        1494        1495        1496
        1497        1498        1505        1566        1567        1568
        1569        1570        1571        1572        1573        1574
        1575        1576        1577        1578        1579        1580
        1581        1582        1584        1586        1587        1588
        1589        1590        1591        1592        1593        1594
        1595        1597        1600        1601        1602        1605
        1661        1662        1663        1664        1665        1666
        1667        1668        1669        1670        1671        1672
        1673        1674        1675        1676        1677        1678
        1679        1680        1681        1682        1683        1684
        1685        1686        1687        1688        1689        1690
        1691        1692        1693        1694        1695        1696
        1697        1698        1699        1700        1701        1702
        1703        1704        1705        1752        1753        1754
        1755        1756        1757        1758        1759        1760
        1761        1762        1763        1764        1765        1766
        1767        1768        1769        1770        1771        1772
        1773        1774        1775        1776        1777        1778
        1779        1780        1781        1782        1783        1784
        1785        1786        1787        1788        1789        1838
        1839        1840        1841        1842        1843        1844
        1845        1846        1847        1848        1849        1850
        1851        1852        1853        1854        1855        1856
        1857        1858        1859        1860        1861        1862
        1863        1864        1865        1866        1867        1915
        1916        1920        1921        1923        1924        1925
        1926        1927        1928        1929        1930        1931
        1932        1933        1934        1935        1936        1937
        1938        1939        1940        1941        1942        1943
        1944        1945        1946        1947        2014        2015
        2016        2018        2019        2020        2021        2022
        2023        2024        2025        2026        2027        2028
        2029        2030        2031        2032        2033        2034
        2035        2036        2037        2038        2039        2040
        2041        2090        2091        2092        2093        2094
        2095        2097        2098        2099        2100        2101
        2102        2103        2104        2105        2106        2107
        2108        2109        2110        2111        2112        2113
        2172        2173        2174        2175        2176        2177
        2180        2181        2182        2183        2184        2185
        2186        2187        2188        2189        2190        2191
        2192        2193        2194        2195        2237        2238
        2239        2240        2241        2242        2243        2244
        2246        2247        2248        2249        2250        2251
        2252        2253        2254        2301        2302        2306
        2308        2309        2311        2312        2313        2314
        2315        2316        2348        2349        2351        2352
        2356        2357        2358        2395        1917        2017
        2096        2170        2178        2245        2307        2350
        2354        2392        2396         672         673         786
         901        1197        1280        1283        1475        1477
        1488        1501        1507        1583        1598        1599
        1604        1606        1706        1912        1914        1922
        2088        2169        2179        2304        2310        2353
        2355        2394        2429        2436        2440         584
         586         587         676         785         787         791
        1098        1099        1287        1379        1385        1406
        1476        1486        1487        1503        1506        1508
        1585        1596        1603        1607        1608        1611
         592
          29
        1030        1031        1035        1036        1037        1038
        1039        1173        1186        1187        1188        1189
        1190        1191        1192        1193        1198        1199
        1200        1330        1344        1345        1346        1347
        1348        1349        1350        1351        1352        1353
        1354        1356        1357        1358        1475        1476
        1477        1478        1479        1494        1495        1496
        1497        1498        1499        1500        1501        1502
        1606        1607        1608        1609        1610        1611
        1612        1613        1636        1637        1638        1639
        1640        1641        1746        1747        1748        1749
        1750        1751        1752        1753        1754        1755
        1783        1784        1785        1786        1890        1891
        1892        1893        1894        1895        1896        1897
        1898        1899        1903        1904        1912        1913
        1925        1926        1927        1928        1929        1930
        1931        1932        1933        2041        2042        2043
        2044        2045        2046        2047        2048        2052
        2053        2054        2055        2056        2057        2058
        2060        2061        2062        2063        2072        2073
        2074        2075        2076        2077        2078        2079
        2080        2081        2181        2182        2183        2184
        2185        2186        2187        2188        2189        2190
        2191        2193        2194        2195        2196        2197
        2198        2199        2200        2201        2202        2203
        2204        2205        2208        2212        2213        2214
        2215        2216        2217        2218        2219        2220
        2221        2222        2223        2224        2225        2237
        2327        2328        2329        2330        2331        2332
        2333        2334        2335        2336        2337        2338
        2339        2340        2341        2342        2343        2344
        2345        2346        2347        2348        2349        2350
        2351        2352        2354        2355        2357        2358
        2359        2360        2361        2362        2363        2364
        2365        2366        2367        2368        2369        2371
        2372        2373        2374        2375        2376        2377
        2378        2379        2382        2383        2384        2385
        2465        2466        2467        2468        2469        2470
        2471        2472        2473        2474        2475        2476
        2477        2478        2479        2480        2481        2482
        2483        2484        2485        2486        2487        2488
        2489        2490        2491        2492        2493        2494
        2495        2496        2497        2498        2499        2500
        2501        2502        2503        2504        2505        2506
        2507        2508        2509        2510        2511        2512
        2513        2514        2515        2516        2517        2518
        2519        2520        2521        2522        2523        2524
        2525        2526        2527        2591        2592        2593
        2594        2595        2596        2597        2598        2599
        2600        2601        2602        2603        2604        2605
        2606        2607        2608        2609        2610        2611
        2612        2613        2614        2615        2616        2617
        2618        2619        2620        2621        2622        2623
        2624        2625        2626        2627        2628        2629
        2630        2631        2632        2633        2634        2635
        2636        2637        2638        2639        2640        2641
        2642        2710        2711        2712        2713        2714
        2715        2716        2717        2718        2719        2720
        2721        2725        2726        2727        2728        2729
        2730        2731        2732        2733        2734        2735
        2736        2737        2738        2739        2740        2741
        2742        2743        2744        2745        2746        2747
        2748        2749        2750        2751        2752        2753
        2754        2755        2756        2757        2758        2834
        2835        2836        2840        2841        2842        2843
        2844        2845        2848        2849        2850        2851
        2852        2853        2854        2855        2856        2857
        2858        2859        2860        2861        2862        2863
        2864        2865        2866        2867        2868        2869
        2870        2871        2872        2873        2874        2875
        2876        2877        2878        2965        2966        2967
        2971        2972        2973        2974        2976        2977
        2978        2979        2980        2981        2982        2983
        2984        2985        2986        2987        2988        2989
        2990        2991        2992        2993        2994        2995
        2996        2997        2998        2999        3000        3001
        3002        3003        3086        3087        3088        3089
        3090        3091        3092        3093        3096        3097
        3098        3099        3100        3101        3102        3103
        3104        3105        3106        3107        3108        3109
        3110        3111        3112        3113        3114        3115
        3116        3117        3118        3119        3120        3121
        3122        3123        3202        3203        3204        3205
        3206        3207        3208        3209        3210        3211
        3214        3215        3216        3217        3218        3219
        3220        3221        3222        3223        3224        3225
        3226        3227        3228        3229        3292        3293
        3294        3295        3299        3300        3301        3302
        3303        3304        3305        3308        3309        3310
        3311        3312        3313        3314        3315        3316
        3317        3318        3374        3375        3376        3380
        3381        3382        3388        3389        3390        3391
        3392        3393        3394        3438        3439        3440
        3450        3451        3452        8590        8601        8617
        8619        8629        8631        8640        8642        8651
        8652        8653        8661        8662        8663        8669
        8670        8671        8675        8684        8688        8689
        8692        8693        8701        8710        8718        8722
        8726        8730        8734        8738        1024        1029
        1195        1355        1905        1787        1911        2059
        2238        2192        2207        2356        2239        2381
        2353        2370        2380        2387        2724        2847
        2975        3212        3095        3306        3385        3445
        3383        3453        3454
