           1
         196
          22
         974         975         976         997         998        1003
        1017        1018        1019        1020        1021        1022
        1023        1044        1045        1047        1050        1062
        1063        1064        1065        1066        1067        1068
        1069        1070        1071        1072        1073        1074
        1075        1093        1094        1096        1098        1109
        1110        1111        1112        1113        1114        1115
        1116        1117        1118        1119        1120        1121
        1137        1138        1141        1153        1154        1155
        1156        1157        1158        1159        1160        1161
        1162        1163        1164        1165        1180        1181
        1185        1193        1194        1195        1196        1197
        1198        1199        1200        1201        1202        1203
        1216        1218        1221        1227        1228        1229
        1230        1231        1232        1233        1234        1235
        1236        1237        1247        1249        1251        1252
        1256        1257        1258        1259        1260        1261
        1262        1263        1264        1265        1266        1273
        1275        1276        1277        1279        1281        1282
        1283        1284        1285        1286        1287        1288
        1289        1294        1295        1296        1297        1298
        1299        1300        1301        1302        1303        1304
        1305        1306        1307        1308        1309        1310
        1318        1319        1320        1321        1322        1323
        1324        1325        1326        1327        1328        1329
        1330        1331        1332        1333        1334        1346
        1347        1348        1349        1350        1351        1352
        1353        1354        1355        1356        1357        1358
        1359        1375        1376        1377        1378        1379
        1380        1381        1382        1383        1384        1385
        1386        1408        1409        1410        1411        1412
        1413        1414        1415        1416        1417        1449
        1450        1451        1452        1453         958        1002
        1049        1097        1142        1184        1186        1220
        1222        1250        1254        1274        1278        1280
        1457        1497        1501        1502        1454        1455
        1456        1500
         379
          20
          26
        1790        1791        1792        1793        1794        1795
        1836        1837        1844        1845        1868        1869
        1870        1871        1872        1873        1874        1911
        1912        1913        1914        1917        1918        1919
        1922        1923        1948        1949        1950        1951
        1952        1953        1954        1955        1956        1957
        1958        1959        1960        1961        1962        1963
        1964        1965        1966        1967        1968        1969
        1970        1971        1972        1973        1974        2012
        2013        2017        2019        2020        2021        2022
        2042        2043        2044        2045        2046        2047
        2048        2049        2050        2051        2052        2053
        2054        2055        2056        2057        2058        2059
        2060        2085        2086        2087        2088        2089
        2096        2114        2115        2116        2117        2118
        2119        2120        2121        2122        2123        2124
        2125        2126        2127        2128        2129        2130
        2131        2132        2133        2134        2135        2136
        2137        2138        2139        2140        2141        2142
        2168        2169        2170        2171        2176        2177
        2178        2179        2180        2182        2196        2197
        2198        2199        2200        2201        2202        2203
        2204        2205        2206        2207        2208        2209
        2210        2234        2235        2236        2244        2245
        2246        2255        2256        2257        2258        2259
        2260        2261        2262        2263        2264        2265
        2266        2267        2268        2269        2270        2271
        2272        2273        2274        2275        2276        2277
        2278        2279        2280        2281        2298        2299
        2300        2303        2304        2305        2306        2307
        2308        2309        2310        2314        2317        2318
        2319        2320        2321        2322        2323        2324
        2325        2326        2327        2328        2329        2330
        2331        2332        2333        2334        2335        2346
        2347        2349        2350        2351        2352        2353
        2354        2355        2356        2357        2358        2359
        2360        2361        2362        2363        2364        2365
        2366        2367        2368        2369        2370        2371
        2372        2373        2374        2375        2384        2385
        2386        2387        2388        2389        2390        2391
        2392        2393        2394        2395        2396        2397
        2398        2399        2400        2401        2402        2403
        2404        2405        2406        2407        2408        2409
        2410        2411        2412        2422        2423        2424
        2425        2426        2427        2428        2429        2430
        2431        2432        2433        2434        2435        2436
        2437        2438        2439        2440        2441        2442
        2443        2444        2445        2446        2447        2448
        2449        2450        2451        2452        2453        2454
        2473        2474        2475        2476        2477        2478
        2479        2480        2481        2482        2483        2484
        2485        2486        2487        2488        2489        2490
        2491        2492        2493        2494        2495        2496
        2497        2498        2499        2500        2501        2502
        2503        2504        2505        2531        2532        2533
        2534        2535        2536        2537        2538        2539
        2540        2541        2542        2543        2544        2545
        2546        2582        2583        2584        2585        2586
        2587        2588        2589        2590        2591        2592
        2593        2594        2595        2596        2597        2598
        2599        2600        2652        2653        2654        2655
        2656        2657        2658        2659        2660        2661
        2663        2665        2666        2744        2750        2751
        2753        1843        1920        1921        2093        2095
        2181        2184        2241        2243        2312        2313
        2316        2348        2667        2668        2754        2853
        2662        2756        2758        1663        1758        1841
        1842        2014        2018        2097        2099        2174
        2183        2239        2242        2302        2311        2315
        2745        2755        2765        2766        2843        2851
        2856        2664        2749        2752        2757
         576
          20
        2643        2644        2645        2646        2647        2648
        2649        2706        2707        2708        2709        2719
        2721        2722        2723        2724        2759        2760
        2761        2762        2763        2764        2765        2766
        2767        2768        2769        2770        2771        2772
        2773        2774        2775        2828        2829        2830
        2831        2832        2833        2837        2838        2839
        2843        2845        2846        2847        2879        2880
        2881        2882        2883        2884        2885        2886
        2887        2888        2889        2890        2891        2892
        2893        2894        2895        2896        2897        2898
        2899        2900        2901        2902        2903        2904
        2905        2906        2907        2908        2909        2910
        2911        2912        2913        2959        2960        2961
        2962        2963        2964        2968        2969        2970
        2973        2974        2975        3004        3005        3006
        3007        3008        3009        3010        3011        3012
        3013        3014        3015        3016        3017        3018
        3019        3020        3021        3022        3023        3024
        3025        3026        3027        3028        3029        3030
        3031        3032        3033        3034        3035        3036
        3037        3038        3039        3040        3080        3081
        3082        3083        3084        3085        3093        3094
        3095        3097        3124        3125        3126        3127
        3128        3129        3130        3131        3132        3133
        3134        3135        3136        3137        3138        3139
        3140        3141        3142        3143        3144        3145
        3146        3147        3148        3149        3150        3151
        3152        3153        3154        3155        3156        3157
        3158        3196        3197        3198        3199        3200
        3201        3209        3210        3212        3213        3216
        3230        3231        3232        3233        3234        3235
        3236        3237        3238        3239        3240        3241
        3242        3243        3244        3245        3246        3247
        3248        3249        3250        3251        3252        3253
        3254        3255        3256        3257        3258        3259
        3289        3290        3291        3296        3297        3298
        3304        3305        3306        3307        3308        3309
        3319        3320        3321        3322        3323        3324
        3325        3326        3327        3328        3329        3330
        3331        3332        3333        3334        3335        3336
        3337        3338        3339        3340        3341        3342
        3343        3344        3345        3346        3347        3348
        3349        3350        3371        3372        3373        3377
        3378        3379        3380        3382        3383        3384
        3385        3386        3387        3393        3395        3396
        3397        3398        3399        3400        3401        3402
        3403        3404        3405        3406        3407        3408
        3409        3410        3411        3412        3413        3414
        3415        3416        3417        3418        3419        3420
        3421        3422        3423        3435        3436        3437
        3438        3439        3440        3441        3442        3443
        3444        3445        3446        3447        3448        3449
        3450        3452        3453        3454        3455        3456
        3457        3458        3459        3460        3461        3462
        3463        3464        3465        3466        3467        3468
        3469        3470        3471        3472        3473        3474
        3475        3476        3477        3478        3479        3480
        3490        3491        3492        3493        3494        3495
        3496        3497        3498        3499        3500        3501
        3502        3503        3504        3505        3506        3507
        3508        3509        3510        3511        3512        3513
        3514        3515        3516        3517        3518        3519
        3520        3521        3522        3523        3524        3525
        3526        3527        3528        3529        3530        3531
        3532        3533        3534        3535        3536        3537
        3552        3553        3554        3555        3556        3557
        3558        3559        3560        3561        3562        3563
        3564        3565        3566        3567        3568        3569
        3570        3571        3572        3573        3574        3575
        3576        3577        3578        3579        3580        3581
        3582        3583        3584        3585        3586        3587
        3588        3589        3590        3591        3592        3593
        3594        3595        3627        3628        3629        3630
        3631        3632        3633        3634        3635        3636
        3637        3638        3639        3640        3641        3642
        3643        3644        3645        3646        3647        3648
        3649        3650        3651        3652        3653        3654
        3655        3656        3657        3658        3659        3660
        3661        3662        3706        3707        3708        3709
        3710        3711        3712        3713        3714        3715
        3716        3717        3718        3719        3720        3721
        3722        3723        3724        3725        3726        3727
        3728        3729        3730        3731        3732        3733
        3734        3790        3791        3792        3793        3794
        3795        3796        3797        3798        3799        3800
        3801        3802        3803        3804        3805        3806
        3807        3808        3809        3810        3811        3812
        3813        3814        3900        3901        3902        3903
        3904        3905        3906        3907        3908        3909
        3910        8692        8694        8695        8696        8699
        8700        8702        8703        8704        8705        8706
        8711        8712        8713        8714        8715        8719
        8723        8727        8731        8735        8738        8739
        8742        8743        8750        8751        8756        8757
        8760        8761        8769        8770        8782        8783
        2601        2720        2972        2844        3096        3215
        3211        3303        3302        3391        3381        3392
        3451        3917        3911        4048        3913        3914
        3921        4046
