           4
         196
          32
          31          32          33          34          35          36
          37          61          62          63          64          65
          66          67          68          69          70          71
          72          73          74          75         101         102
         103         104         105         106         107         108
         109         110         111         112         113         114
         115         116         117         118         119         144
         145         146         147         148         149         150
         151         152         153         154         155         156
         157         158         159         160         161         162
         163         164         165         166         167         168
         189         190         191         192         193         194
         195         196         197         198         199         200
         201         202         203         204         205         206
         207         208         209         210         211         212
         213         214         231         232         236         237
         238         239         240         241         242         243
         244         245         246         247         248         249
         250         251         252         253         254         255
         256         257         258         259         260         261
         283         284         285         287         288         289
         290         291         292         293         294         295
         296         297         298         299         300         301
         302         303         304         305         306         307
         308         331         332         333         335         336
         338         339         340         341         342         345
         347         351         352         353         354         355
         357         358         384         385         386         389
         390         391         393         394         395         441
         442         444         445         447         448         449
         450         452         498         499         500         501
         502         503         504         552         553         554
         555         607         608         663         233         234
         277         278         286         337         392         451
         453         505         507         556         557         610
         662         719         330         343         344         346
         356         359         383         399         406         407
         408         409         410         412         443         446
         400
          29
          32
          61          62          63          64          65          66
          67         107         108         109         110         111
         112         113         114         115         116         117
         118         119         120         121         122         123
         124         125         126         127         128         129
         130         131         132         133         134         135
         136         137         186         187         188         189
         190         191         192         193         194         195
         196         197         198         199         200         201
         202         203         204         205         206         207
         208         209         210         211         212         213
         214         215         216         217         257         258
         259         260         261         262         263         264
         265         266         267         268         269         270
         271         272         273         274         275         276
         277         278         279         280         281         282
         283         284         285         286         287         288
         289         290         291         292         293         294
         295         296         297         298         299         300
         301         302         344         345         346         347
         348         349         350         351         352         353
         354         355         356         357         358         359
         360         361         362         363         364         365
         366         367         368         369         370         371
         372         373         374         375         376         377
         378         379         380         381         382         383
         384         385         386         387         388         389
         390         391         392         393         394         395
         396         421         422         423         424         425
         430         431         432         433         434         435
         436         437         438         439         440         441
         442         443         444         445         446         447
         448         449         450         451         452         453
         454         455         456         457         458         459
         460         461         462         463         464         465
         466         467         468         469         470         471
         472         473         474         475         476         477
         478         479         480         481         482         483
         509         512         521         522         523         524
         525         526         527         528         529         531
         532         533         534         535         536         537
         538         539         540         541         542         543
         544         545         546         547         548         549
         550         551         552         553         554         555
         556         557         558         559         560         561
         562         563         564         565         566         567
         568         569         570         571         612         613
         614         615         616         617         618         619
         620         623         624         626         627         628
         629         630         631         632         633         634
         635         636         637         639         641         642
         643         644         645         655         656         657
         658         659         660         661         662         663
         664         666         667         668         669         710
         711         712         713         715         716         717
         718         719         720         721         722         723
         724         725         726         727         728         729
         730         739         751         757         760         811
         812         813         814         815         817         818
         819         820         821         822         824         825
         826         827         828         829         830         831
         832         833         837         838         912         913
         914         915         916         917         918         919
         920         921         922         923         924         927
        1013        1014        1015        1016        1017        1018
        1019        1020        1021        1107        1108        1109
        1111        1208        1209        1313         426         510
         511         530         610         701         732         834
         925         926         928        1022        1023        1207
        1217         622         640         646         648         665
         714         734         753         754         756         758
         761         816         868         427         428         519
         520         599         625         703         835         836
        1024        1026        1028        1112        1114        1206
        1216        1314        1321         638         647         709
         737         738         752         755         763         764
         823         848         861         864         869
         598
          29
         102         103         104         105         106         107
         108         109         110         111         112         113
         114         115         116         117         118         119
         120         190         191         192         193         194
         195         196         197         198         199         200
         201         202         203         204         205         206
         207         208         209         210         211         212
         213         214         215         216         217         218
         219         220         221         222         223         224
         225         226         227         228         229         230
         231         232         233         234         235         236
         303         304         305         306         307         308
         309         310         311         312         313         314
         315         316         317         318         319         320
         321         322         323         324         325         326
         327         328         329         330         331         332
         333         334         335         336         337         338
         339         340         341         342         343         344
         345         346         347         348         349         350
         351         352         353         354         355         356
         357         415         416         417         418         419
         420         421         422         423         424         425
         426         427         428         429         430         431
         432         433         434         435         436         437
         438         439         440         441         442         443
         444         445         446         447         448         449
         450         451         452         453         454         455
         456         457         458         459         460         461
         462         463         464         465         466         467
         468         469         470         471         472         473
         474         475         476         477         478         479
         480         481         482         483         484         485
         486         487         488         489         490         491
         540         541         542         543         544         545
         546         547         548         549         550         551
         552         553         554         555         556         557
         558         559         560         561         562         563
         564         565         566         567         568         569
         570         571         572         573         574         575
         576         577         578         579         580         581
         582         583         584         585         586         587
         588         589         590         591         592         593
         594         595         596         597         598         599
         600         601         602         603         604         605
         606         607         608         609         610         611
         612         613         614         615         616         617
         656         657         658         659         660         661
         670         671         672         673         674         675
         676         677         678         679         680         681
         682         683         684         685         686         687
         688         689         690         691         692         693
         694         695         696         697         698         699
         700         701         702         703         704         705
         706         707         708         709         710         711
         712         713         714         715         716         717
         718         719         720         721         722         723
         724         725         726         727         728         729
         730         731         732         733         734         735
         736         737         738         739         740         741
         742         743         744         745         799         800
         801         802         803         804         805         806
         807         808         810         812         813         814
         815         816         817         818         819         820
         821         822         823         824         825         826
         827         828         829         830         831         832
         833         834         835         836         837         838
         839         840         841         842         843         844
         845         846         847         848         849         850
         851         852         853         854         855         856
         857         858         859         860         861         862
         863         864         865         866         867         868
         869         870         871         872         873         874
         875         933         937         938         939         940
         941         942         943         944         945         951
         952         953         954         955         956         957
         959         961         962         963         964         965
         966         967         968         969         970         971
         972         973         980         981         982         996
         997         998         999        1000        1001        1002
        1003        1004        1005        1006        1007        1008
        1012        1013        1014        1081        1083        1084
        1085        1086        1087        1088        1089        1090
        1091        1097        1098        1099        1100        1101
        1102        1103        1104        1105        1106        1107
        1110        1111        1112        1113        1114        1115
        1116        1117        1230        1231        1232        1233
        1234        1235        1236        1237        1239        1240
        1241        1242        1243        1244        1245        1246
        1247        1248        1249        1250        1251        1252
        1253        1254        1255        1256        1260        1261
        1262        1370        1371        1372        1373        1374
        1375        1376        1377        1378        1379        1380
        1381        1382        1383        1384        1385        1386
        1387        1508        1509        1510        1511        1512
        1513        1514        1515        1516        1653        1654
        1655        1656        1801        8536        8537        8538
        8539        8540        8541        8544        8545        8550
        8551        8559        8560        8565        8566        8572
        8578        8584        8585        8586        8587        8607
        8622        8634        8646        8656         662         781
         782         666         811         977        1009         932
         935         976        1010        1151        1153         960
        1109         984        1148        1145        1016        1082
        1257        1388        1238        1517        1389        1264
        1659        1518        1802
