           7
         197
          33
         330         334         343         344         346         348
         349         350         356         359         383         387
         388         397         398         399         400         401
         402         403         404         405         406         407
         408         409         410         411         412         413
         443         446         456         457         458         459
         460         461         462         463         464         465
         466         467         468         469         470         471
         472         473         510         511         512         513
         514         515         516         517         518         519
         520         521         522         523         524         525
         526         527         528         529         530         531
         562         563         564         565         566         567
         568         569         570         571         572         573
         574         575         576         577         578         579
         580         581         616         617         618         619
         620         621         622         623         624         625
         626         627         628         629         630         631
         632         633         634         635         674         675
         676         677         678         679         680         681
         682         683         684         685         686         687
         688         689         730         731         732         733
         734         735         736         737         738         739
         740         741         742         743         744         782
         783         784         785         786         787         788
         789         790         791         792         793         794
         831         832         833         834         835         836
         837         838         839         841         881         882
         883         884         885         886         887         890
         931         932         933         934         935         936
         939         977         978         979         980         981
        1025        1026        1027        1028        1029        1030
        1078        1079        1080        1081        1125         294
         295         297         304         308         331         345
         347         351         352         353         354         355
         357         358         385         445         500         584
         639         693         748         798         840         888
         889         891         938         984        1024        1077
        1124        1169
         394
          30
          35
         542         546         563         570         571         612
         615         621         622         638         639         640
         641         642         643         644         646         647
         648         649         650         651         652         653
         654         656         657         658         659         661
         663         664         665         668         669         709
         710         712         714         733         734         735
         736         737         738         739         740         741
         742         743         744         745         746         747
         748         749         750         751         752         753
         754         755         756         757         758         759
         760         761         762         763         764         816
         817         820         823         843         844         845
         846         847         848         849         850         851
         852         853         854         855         856         857
         858         859         860         861         862         863
         864         865         866         867         868         869
         870         871         872         873         874         875
         917         933         934         935         936         937
         938         939         940         941         942         943
         944         945         946         947         948         949
         950         951         952         953         954         955
         956         957         958         959         960         961
         962         963         964         965         966         967
         968         969         970        1035        1036        1037
        1038        1039        1040        1041        1042        1043
        1044        1045        1046        1047        1048        1049
        1050        1051        1052        1053        1054        1055
        1056        1057        1058        1059        1060        1061
        1062        1063        1064        1065        1066        1121
        1122        1123        1124        1125        1126        1127
        1128        1129        1130        1131        1132        1133
        1134        1135        1136        1137        1138        1139
        1140        1141        1142        1143        1144        1145
        1146        1147        1148        1149        1150        1151
        1152        1153        1154        1155        1156        1157
        1158        1159        1160        1161        1166        1167
        1228        1229        1230        1231        1232        1233
        1234        1235        1236        1237        1238        1239
        1240        1241        1242        1243        1244        1245
        1246        1247        1248        1249        1250        1251
        1252        1253        1254        1255        1256        1257
        1258        1259        1267        1268        1330        1331
        1332        1333        1334        1335        1336        1337
        1338        1339        1340        1341        1342        1343
        1344        1345        1346        1347        1348        1349
        1350        1351        1352        1353        1354        1355
        1356        1357        1358        1359        1427        1428
        1429        1430        1431        1432        1433        1434
        1435        1436        1437        1438        1439        1440
        1441        1442        1443        1444        1445        1446
        1447        1448        1449        1450        1457        1517
        1518        1519        1520        1521        1522        1523
        1524        1525        1526        1527        1528        1529
        1530        1531        1532        1534        1535        1536
        1537        1613        1614        1615        1616        1617
        1618        1619        1620        1621        1622        1623
        1624        1625        1628        1630        1631        1707
        1708        1709        1710        1711        1712        1713
        1714        1715        1716        1717        1719        1720
        1796        1797        1798        1799        1800        1801
        1802        1803        1804        1805        1806        1813
        1876        1877        1878        1879        1880        1881
        1882        1883        1884        1885        1981        1982
        1983        1984        1985        1986        1987        1988
        1989        1990        2062        2063         483         543
         544         545         548         552         553         558
         568         613         614         655         660         667
         821         822        1072        1266        1269        1368
        1533        1543        1626        1627        1629        1812
        1875        1979        1980        2150         458         476
         522         541         547         554         555         556
         561         562         567         569         617         645
         662         666         818         915         916        1071
        1260        1261        1366        1456        1540        1634
        1718        1721        1809        1811        1889        1977
        1978        2061        2146
         593
          30
         834         836         837         839         844         845
         866         873         874         932         933         934
         935         936         937         946         947         948
         949         950         974         975         976         977
         978         979         981         982         983         984
         985         986         987         988         989         990
         991         992         993         994         995         998
         999        1000        1001        1002        1005        1006
        1007        1008        1009        1010        1011        1013
        1014        1015        1016        1017        1080        1081
        1082        1088        1092        1093        1094        1095
        1096        1122        1123        1124        1125        1126
        1127        1128        1129        1130        1131        1132
        1133        1134        1135        1136        1137        1138
        1139        1140        1141        1142        1143        1144
        1145        1146        1147        1148        1149        1150
        1151        1152        1153        1154        1155        1156
        1157        1158        1159        1160        1161        1162
        1163        1164        1237        1238        1239        1271
        1272        1273        1274        1275        1276        1277
        1278        1279        1280        1281        1282        1283
        1284        1285        1286        1287        1288        1289
        1290        1291        1292        1293        1294        1295
        1296        1297        1298        1299        1300        1301
        1302        1303        1304        1305        1306        1307
        1308        1309        1310        1311        1312        1313
        1314        1315        1316        1317        1402        1403
        1404        1405        1406        1407        1408        1409
        1410        1411        1412        1413        1414        1415
        1416        1417        1418        1419        1420        1421
        1422        1423        1424        1425        1426        1427
        1428        1429        1430        1431        1432        1433
        1434        1435        1436        1437        1438        1439
        1440        1441        1442        1443        1444        1445
        1446        1447        1448        1449        1450        1451
        1452        1453        1454        1455        1456        1457
        1458        1459        1460        1534        1535        1536
        1537        1538        1539        1540        1541        1542
        1543        1544        1545        1546        1547        1548
        1549        1550        1551        1552        1553        1554
        1555        1556        1557        1558        1559        1560
        1561        1562        1563        1564        1565        1566
        1567        1568        1569        1570        1571        1572
        1573        1574        1575        1576        1577        1578
        1579        1580        1581        1582        1583        1584
        1585        1586        1587        1588        1589        1676
        1677        1678        1679        1680        1681        1682
        1683        1684        1685        1686        1687        1688
        1689        1690        1691        1692        1693        1694
        1695        1696        1697        1698        1699        1700
        1701        1702        1703        1704        1705        1706
        1707        1708        1709        1710        1711        1712
        1713        1714        1715        1716        1717        1718
        1719        1720        1721        1722        1723        1724
        1725        1726        1727        1728        1729        1739
        1829        1830        1831        1832        1833        1834
        1835        1836        1837        1838        1839        1840
        1841        1842        1843        1844        1845        1846
        1847        1848        1849        1850        1851        1852
        1853        1854        1855        1856        1857        1858
        1859        1860        1861        1862        1863        1864
        1865        1866        1867        1868        1869        1870
        1871        1872        1873        1885        1980        1981
        1982        1983        1984        1985        1986        1987
        1988        1989        1990        1991        1992        1993
        1994        1995        1996        1997        1998        1999
        2000        2001        2002        2003        2004        2005
        2006        2007        2008        2009        2010        2011
        2012        2013        2014        2015        2016        2017
        2018        2019        2020        2030        2121        2122
        2123        2124        2125        2126        2127        2128
        2129        2130        2131        2132        2133        2134
        2135        2136        2137        2138        2139        2140
        2141        2142        2143        2144        2145        2146
        2147        2148        2149        2150        2151        2152
        2153        2154        2155        2254        2255        2256
        2257        2258        2259        2260        2261        2262
        2263        2264        2265        2266        2267        2268
        2269        2270        2271        2272        2273        2274
        2275        2276        2277        2278        2281        2282
        2283        2390        2391        2392        2393        2394
        2395        2396        2397        2398        2399        2400
        2401        2402        2403        2404        2405        2406
        2407        2411        2414        2415        2416        2417
        2528        2529        2530        2531        2532        2533
        2534        2535        2536        2537        2538        2539
        2540        2541        2542        2547        2550        2551
        2650        2651        2652        2653        2654        2655
        2656        2657        2658        2659        2660        2661
        2662        2663        2776        2780        2781        2782
        2783        2784        2785        2786        2787        2788
        2789        2790        2791        2792        2920        2921
        2922        2923        2924        2925        2926        2927
        3047        8585        8586        8587        8593        8594
        8595        8596        8597        8598        8607        8608
        8609        8610        8611        8612        8623        8624
        8625        8626        8635        8636        8638        8649
        8659        8666        8673        8677        8686        8690
        8697        8707        8708        8716        8720         833
         865         864         835         838         843         980
         997        1003        1004         996        1012         875
         938        1089        1243        1597        1741        1884
        2032        2166        2280        2408        2410        2413
        2670        2549        2778        2919        3049
