          14
         197
          38
        2395        2396        2466        2467        2468        2469
        2526        2527        2528        2529        2533        2534
        2535        2536        2538        2539        2540        2576
        2587        2588        2589        2590        2591        2595
        2596        2597        2598        2600        2601        2602
        2603        2632        2640        2641        2642        2643
        2644        2645        2648        2649        2650        2651
        2652        2653        2655        2656        2657        2658
        2659        2684        2690        2692        2693        2694
        2695        2697        2698        2699        2700        2701
        2702        2704        2705        2706        2707        2708
        2731        2736        2737        2738        2739        2740
        2741        2742        2743        2744        2745        2746
        2747        2748        2749        2750        2751        2752
        2753        2754        2782        2784        2785        2786
        2787        2788        2789        2790        2791        2792
        2793        2794        2795        2796        2797        2798
        2799        2800        2801        2802        2803        2835
        2836        2837        2838        2839        2840        2841
        2842        2843        2844        2845        2846        2847
        2848        2849        2850        2851        2852        2853
        2854        2883        2884        2885        2886        2887
        2888        2889        2890        2891        2892        2893
        2894        2895        2896        2897        2898        2899
        2927        2928        2929        2930        2932        2933
        2934        2935        2936        2937        2938        2939
        2940        2941        2963        2964        2965        2967
        2968        2969        2970        2971        2972        2973
        2974        2975        2976        2977        2996        2998
        2999        3000        3001        3002        3003        3004
        3005        3006        3007        3008        3025        3027
        3029        3030        3031        3032        3033        3034
        3053        3055        3056        3057        3079        2323
        2324        2393        2394        2462        2463        2513
        2514        2473        2521        2542        2583        2594
        2604        2638        2647        2691        2696        2703
        2732        2733        2734        2735        2783        2833
        2881        2926        2931        2966        2997        3026
        3028        3050        3051        3054        3076        3078
        3097
         408
          35
          41
        4285        4412        4413        4414        4415        4416
        4551        4552        4558        4559        4560        4561
        4562        4563        4564        4637        4638        4654
        4656        4665        4666        4667        4668        4669
        4670        4671        4672        4673        4677        4678
        4679        4680        4681        4682        4683        4686
        4687        4688        4689        4690        4691        4758
        4759        4780        4781        4782        4783        4784
        4785        4786        4787        4788        4794        4795
        4796        4797        4798        4799        4800        4801
        4802        4805        4806        4807        4808        4809
        4810        4811        4812        4873        4881        4884
        4885        4886        4887        4888        4889        4890
        4891        4892        4893        4894        4895        4899
        4900        4901        4902        4903        4904        4905
        4906        4907        4908        4909        4912        4913
        4914        4915        4916        4917        4918        4919
        4920        4921        4922        4968        4981        4982
        4984        4985        4986        4987        4988        4989
        4991        4992        4993        4994        4995        4996
        4997        4998        4999        5000        5001        5002
        5003        5005        5006        5007        5008        5009
        5010        5011        5055        5056        5057        5059
        5061        5064        5065        5066        5067        5068
        5069        5070        5071        5072        5073        5074
        5075        5076        5077        5078        5079        5080
        5081        5082        5083        5084        5085        5086
        5087        5088        5089        5090        5091        5092
        5093        5094        5095        5096        5097        5098
        5099        5100        5101        5102        5103        5154
        5155        5156        5157        5158        5159        5160
        5161        5162        5163        5164        5165        5166
        5167        5168        5169        5170        5171        5172
        5173        5174        5175        5176        5177        5178
        5179        5180        5181        5182        5183        5184
        5185        5186        5187        5188        5189        5190
        5191        5192        5193        5194        5195        5196
        5197        5198        5251        5255        5256        5257
        5258        5259        5260        5261        5262        5263
        5264        5265        5266        5267        5268        5269
        5270        5271        5272        5273        5274        5275
        5276        5277        5278        5279        5280        5281
        5282        5283        5284        5285        5286        5287
        5288        5289        5290        5291        5345        5346
        5347        5348        5349        5350        5351        5352
        5353        5354        5355        5356        5357        5358
        5359        5360        5361        5362        5363        5364
        5365        5366        5367        5368        5369        5370
        5371        5372        5373        5374        5429        5430
        5431        5432        5433        5434        5435        5436
        5437        5438        5439        5440        5441        5443
        5444        5445        5446        5447        5448        5449
        5450        5451        5452        5453        5454        5455
        5456        5457        5458        5459        5460        5461
        5462        5463        5464        5509        5510        5511
        5512        5513        5514        5515        5516        5517
        5518        5519        5520        5521        5522        5523
        5524        5525        5526        5527        5528        5529
        5530        5531        5532        5533        5568        5569
        5570        5572        5573        5574        5575        5576
        5577        5578        5579        5580        5581        5582
        5583        5584        5585        5586        5587        5588
        5589        5590        5591        5592        5593        5626
        5627        5628        5629        5630        5631        5632
        5633        5634        5635        5636        5637        5638
        5639        5640        5641        5642        5643        5672
        5678        5679        5681        5682        5683        5684
        5685        5686        5721        5723        5725        5726
        4283        4286        4288        4410        4553        4554
        4639        4538        4574        4655        4773        4793
        4813        4883        4911        4971        4978        4980
        4990        5058        5060        5252        5253        5343
        5428        5442        5571        5624        5671        5673
        5675        5676        5680        5724        5761        4146
        4284        4287        4289        4409        4411        4516
        4517        4519        4550        4570        4573        4657
        4659        4676        4772        4814        4882        4897
        4898        4972        4975        4983        5004        5062
        5063        5153        5250        5254        5427        5505
        5508        5623        5625        5674        5714        5716
        5720        5722        5759        5760
         607
          35
        6314        6317        6503        6504        6505        6506
        6507        6508        6509        6510        6685        6686
        6688        6689        6691        6697        6698        6699
        6700        6701        6702        6703        6704        6705
        6706        6718        6826        6827        6847        6850
        6862        6863        6864        6865        6866        6867
        6868        6869        6870        6871        6872        6873
        6874        6875        6876        6884        6885        6886
        6887        6888        6889        6890        6891        6892
        6893        6897        6898        6899        6900        6901
        6902        6903        6904        6905        6906        6910
        6998        7018        7026        7027        7028        7029
        7030        7031        7032        7033        7034        7035
        7036        7037        7038        7039        7040        7048
        7049        7050        7051        7052        7053        7054
        7055        7056        7057        7061        7062        7063
        7064        7065        7066        7067        7068        7069
        7070        7071        7072        7073        7149        7165
        7170        7171        7172        7173        7174        7175
        7176        7177        7178        7179        7180        7181
        7182        7183        7184        7185        7186        7187
        7191        7192        7194        7195        7196        7197
        7198        7199        7200        7201        7202        7203
        7204        7205        7206        7207        7208        7209
        7210        7214        7215        7216        7217        7218
        7219        7220        7221        7222        7223        7224
        7225        7226        7291        7306        7307        7308
        7309        7310        7312        7313        7314        7315
        7316        7317        7318        7319        7320        7321
        7322        7323        7325        7326        7327        7328
        7329        7330        7331        7332        7333        7334
        7335        7336        7337        7338        7339        7340
        7341        7342        7343        7345        7346        7347
        7348        7349        7350        7351        7352        7353
        7354        7355        7356        7357        7358        7359
        7419        7420        7421        7423        7425        7426
        7428        7429        7430        7431        7432        7433
        7434        7435        7436        7437        7438        7439
        7440        7441        7442        7443        7444        7445
        7446        7447        7448        7449        7450        7451
        7452        7453        7454        7455        7456        7457
        7458        7459        7460        7461        7462        7463
        7464        7465        7466        7467        7468        7469
        7470        7471        7472        7473        7474        7475
        7476        7477        7478        7479        7480        7481
        7482        7483        7484        7562        7563        7564
        7568        7569        7570        7571        7572        7573
        7574        7575        7576        7577        7578        7579
        7580        7581        7582        7583        7584        7585
        7586        7587        7588        7589        7590        7591
        7592        7593        7594        7595        7596        7597
        7598        7599        7600        7601        7602        7603
        7604        7605        7606        7607        7608        7609
        7610        7611        7612        7613        7614        7615
        7616        7617        7618        7619        7620        7621
        7622        7623        7624        7625        7709        7715
        7716        7717        7718        7719        7720        7721
        7722        7723        7724        7725        7726        7727
        7728        7729        7730        7731        7732        7733
        7734        7735        7736        7737        7738        7739
        7740        7741        7742        7743        7744        7745
        7746        7747        7748        7749        7750        7751
        7752        7753        7754        7755        7756        7757
        7758        7759        7760        7761        7762        7763
        7764        7765        7766        7767        7768        7769
        7847        7850        7851        7852        7853        7854
        7855        7856        7857        7858        7859        7860
        7861        7862        7863        7864        7865        7866
        7867        7868        7869        7870        7871        7872
        7873        7874        7875        7876        7877        7878
        7879        7880        7881        7882        7883        7884
        7885        7886        7887        7888        7889        7890
        7891        7892        7893        7894        7895        7896
        7971        7972        7973        7974        7975        7976
        7977        7978        7979        7980        7981        7982
        7985        7986        7987        7988        7989        7990
        7991        7992        7993        7994        7995        7996
        7997        7998        7999        8000        8001        8002
        8003        8004        8005        8006        8007        8008
        8009        8010        8011        8012        8013        8014
        8073        8074        8075        8076        8077        8078
        8079        8080        8083        8084        8085        8086
        8087        8088        8089        8090        8091        8092
        8093        8094        8095        8096        8097        8098
        8099        8100        8101        8102        8103        8104
        8105        8106        8107        8108        8109        8110
        8111        8112        8163        8164        8165        8166
        8169        8170        8171        8172        8173        8174
        8175        8176        8177        8178        8179        8180
        8181        8182        8183        8184        8185        8186
        8187        8188        8189        8190        8191        8192
        8193        8194        8195        8196        8197        8243
        8244        8245        8248        8249        8250        8252
        8255        8256        8257        8258        8259        8260
        8261        8262        8263        8264        8265        8266
        8267        8268        8320        8321        8322        8326
        8327        8328        8329        8330        8331        8389
        8903        8913        8924        8928        8930        8934
        8935        8936        8937        8940        8941        8942
        8945        8946        8952        8953        8959        8961
        8963        8965        8967        8969        8971        8973
        8975        6315        6501        6316        6502        6690
        6715        6848        6687        6717        6828        7047
        6911        7017        7167        7324        7193        7344
        7422        7311        7427        7424        7567        7710
        7969        7846        7984        8082        8167        8247
        8311        8251        8254        8323        8384        8390
