           9
         196
          27
        1292        1311        1312        1313        1314        1315
        1316        1317        1335        1336        1337        1338
        1339        1340        1341        1342        1343        1344
        1345        1360        1361        1362        1363        1364
        1365        1366        1367        1368        1369        1370
        1371        1372        1373        1374        1387        1388
        1389        1390        1391        1392        1393        1394
        1395        1396        1397        1398        1401        1402
        1403        1404        1405        1406        1407        1418
        1419        1420        1421        1422        1423        1424
        1425        1426        1427        1428        1429        1430
        1431        1432        1433        1434        1435        1437
        1443        1444        1445        1446        1447        1448
        1459        1460        1461        1462        1463        1464
        1465        1466        1467        1468        1469        1470
        1471        1472        1473        1474        1475        1476
        1477        1478        1479        1480        1481        1482
        1483        1492        1493        1494        1495        1496
        1508        1509        1510        1511        1512        1513
        1514        1515        1516        1517        1518        1519
        1526        1527        1528        1529        1530        1531
        1532        1533        1534        1535        1543        1544
        1545        1546        1547        1566        1567        1568
        1569        1570        1571        1572        1574        1575
        1576        1589        1590        1591        1592        1593
        1594        1595        1596        1605        1606        1607
        1608        1638        1639        1643        1644        1645
        1662        1663        1664        1665        1666        1667
        1674        1675        1676        1677        1710        1711
        1728        1729        1730        1731        1732        1738
        1739        1740        1774        1775        1791        1792
        1793        1794        1836        1837        1852        1853
        1854        1897        1912        1913        1290        1291
        1293        1573        1637        1640        1642        1704
        1705        1737        1798        1799        1800        1860
        1898        1971        1982        1436        1484        1536
        1597        1668        1733        1795        1855        1914
        1983
         388
          25
          33
        2378        2379        2380        2381        2382        2413
        2414        2415        2416        2417        2418        2419
        2420        2421        2455        2456        2457        2458
        2459        2460        2461        2462        2463        2464
        2465        2466        2467        2468        2469        2470
        2471        2472        2506        2507        2508        2509
        2510        2511        2512        2513        2514        2515
        2516        2517        2518        2519        2520        2521
        2522        2523        2524        2525        2526        2527
        2528        2529        2530        2547        2548        2549
        2550        2551        2552        2553        2554        2555
        2556        2557        2558        2559        2560        2561
        2562        2563        2564        2565        2566        2567
        2569        2570        2571        2572        2573        2574
        2575        2576        2577        2578        2579        2580
        2581        2601        2602        2603        2604        2605
        2606        2607        2608        2609        2610        2611
        2612        2613        2614        2615        2616        2617
        2618        2619        2620        2621        2622        2623
        2624        2625        2626        2627        2628        2629
        2630        2631        2633        2642        2643        2644
        2645        2646        2647        2648        2649        2650
        2651        2669        2670        2671        2672        2673
        2674        2675        2676        2677        2678        2679
        2680        2681        2682        2683        2684        2685
        2686        2687        2688        2689        2690        2691
        2692        2693        2694        2695        2696        2697
        2698        2699        2700        2701        2702        2703
        2704        2705        2706        2707        2708        2709
        2710        2711        2712        2713        2714        2715
        2732        2733        2734        2735        2736        2737
        2738        2739        2740        2741        2742        2743
        2767        2768        2769        2770        2771        2772
        2773        2774        2775        2776        2777        2778
        2779        2780        2781        2782        2783        2784
        2785        2786        2791        2792        2793        2794
        2795        2796        2797        2798        2799        2800
        2801        2802        2803        2804        2805        2806
        2807        2808        2809        2810        2811        2812
        2813        2814        2828        2829        2830        2831
        2832        2833        2834        2835        2836        2837
        2866        2867        2868        2869        2870        2871
        2872        2873        2874        2875        2876        2877
        2878        2879        2880        2881        2882        2883
        2884        2885        2886        2912        2913        2914
        2915        2916        2917        2918        2919        2920
        2921        2922        2923        2924        2925        2926
        2927        2928        2945        2946        2947        2948
        2949        2950        2951        2952        3004        3005
        3006        3007        3008        3009        3010        3016
        3017        3018        3019        3020        3044        3045
        3046        3047        3048        3049        3050        3051
        3052        3053        3054        3055        3068        3069
        3070        3071        3072        3073        3074        3075
        3076        3127        3137        3138        3139        3140
        3176        3177        3178        3179        3180        3181
        3182        3183        3184        3185        3186        3188
        3195        3196        3197        3198        3199        3200
        3262        3263        3264        3296        3297        3298
        3299        3300        3301        3302        3303        3304
        3305        3312        3314        3315        3316        3318
        3386        3387        3388        3414        3415        3416
        3417        3418        3419        3421        3497        3498
        3499        3500        3501        3502        3525        3526
        3527        3528        3531        3532        2340        2383
        3011        3013        3128        3132        3133        3193
        3194        3311        3317        3430        3537        3550
        3632        3658        2640        2815        2929        2941
        3056        3187        3420        3422        3529        2339
        2342        2344        2376        2377        3014        3015
        3125        3129        3136        3247        3259        3260
        3313        3428        3431        3536        3546        3551
        3659        3664        2632        2716        2728        2825
        3062        3063        3306        3309        3530        3533
        3660        3801
         585
          25
        3482        3483        3485        3486        3487        3488
        3489        3538        3539        3540        3541        3542
        3543        3544        3545        3546        3547        3548
        3549        3550        3551        3596        3597        3598
        3599        3600        3601        3602        3603        3604
        3605        3606        3607        3608        3609        3610
        3611        3612        3613        3614        3615        3616
        3617        3618        3619        3620        3621        3622
        3623        3624        3625        3626        3663        3664
        3665        3666        3667        3668        3669        3670
        3671        3672        3673        3674        3675        3676
        3677        3678        3679        3680        3681        3682
        3683        3684        3685        3686        3687        3688
        3689        3690        3691        3692        3693        3694
        3695        3696        3697        3698        3699        3700
        3701        3702        3703        3704        3705        3735
        3736        3737        3738        3739        3740        3741
        3742        3743        3744        3745        3746        3747
        3748        3749        3750        3751        3752        3753
        3754        3755        3756        3757        3758        3759
        3760        3761        3762        3763        3764        3765
        3770        3771        3772        3773        3774        3775
        3776        3777        3778        3779        3780        3781
        3782        3783        3784        3785        3786        3787
        3788        3789        3815        3816        3817        3818
        3819        3820        3821        3822        3823        3824
        3825        3826        3827        3828        3829        3830
        3831        3832        3833        3834        3835        3836
        3837        3838        3839        3840        3841        3842
        3843        3844        3845        3846        3847        3848
        3849        3850        3851        3852        3853        3854
        3855        3856        3857        3858        3859        3860
        3861        3862        3865        3866        3883        3884
        3885        3886        3887        3888        3889        3890
        3891        3892        3893        3894        3895        3896
        3897        3898        3899        3928        3929        3930
        3931        3932        3933        3934        3935        3936
        3937        3938        3939        3940        3941        3942
        3943        3944        3945        3946        3947        3948
        3949        3950        3951        3952        3953        3954
        3955        3956        3957        3958        3959        3960
        3961        3962        3963        3964        3965        3966
        3967        3968        3969        3970        3971        3972
        3973        3974        3975        3976        3977        3978
        3979        3980        3981        3982        3983        3984
        3985        3986        3987        3988        3989        3990
        3991        3992        3993        3994        3995        3996
        3997        3998        4020        4021        4022        4023
        4024        4025        4026        4027        4028        4029
        4030        4031        4032        4033        4034        4066
        4067        4068        4069        4070        4071        4072
        4073        4074        4075        4076        4077        4078
        4079        4080        4081        4082        4083        4084
        4085        4086        4087        4088        4089        4090
        4091        4092        4093        4094        4095        4096
        4097        4098        4111        4112        4113        4114
        4115        4116        4117        4118        4119        4120
        4121        4122        4123        4124        4125        4126
        4127        4128        4129        4130        4131        4132
        4133        4134        4135        4136        4137        4138
        4139        4161        4162        4163        4164        4165
        4166        4167        4168        4169        4170        4171
        4172        4173        4174        4226        4227        4228
        4229        4230        4231        4232        4233        4234
        4235        4236        4237        4238        4239        4240
        4241        4242        4243        4247        4248        4249
        4250        4251        4252        4253        4254        4255
        4293        4294        4295        4296        4297        4298
        4299        4300        4301        4302        4303        4304
        4305        4306        4307        4308        4309        4310
        4311        4312        4313        4314        4315        4338
        4339        4340        4341        4342        4343        4344
        4345        4346        4347        4348        4349        4429
        4430        4431        4432        4433        4434        4445
        4446        4447        4448        4449        4450        4451
        4452        4496        4497        4498        4499        4500
        4501        4502        4503        4504        4505        4506
        4507        4508        4509        4510        4511        4512
        4514        4529        4530        4531        4532        4533
        4534        4535        4536        4537        4538        4539
        4540        4626        4627        4628        4629        4630
        4631        4678        4679        4680        4681        4682
        4683        4684        4685        4686        4687        4688
        4689        4690        4691        4693        4703        4707
        4708        4709        4710        4711        4712        4713
        4714        4806        4807        4808        4809        4810
        4811        4854        4855        4856        4857        4858
        4859        4860        4861        4862        4863        4864
        4865        4882        4983        4984        4985        4986
        4987        4988        5030        5031        5032        5033
        5034        5035        5036        5037        5040        5154
        5155        5156        5197        5198        5199        5200
        5201        5202        8740        8741        8744        8745
        8746        8747        8748        8749        8752        8753
        8754        8755        8758        8759        8762        8763
        8764        8765        8771        8772        8773        8774
        8775        8776        8777        8778        8779        8780
        8784        8788        8803        3481        3484        3864
        4141        4000        4244        4245        4317        4609
        4435        4436        4513        4694        4611        4704
        4866        4875        4879        4880        5157        5054
        5369        5399        5204        5039
