          11
         198
          27
        1399        1400        1436        1438        1439        1440
        1441        1442        1484        1485        1486        1487
        1488        1489        1490        1491        1520        1521
        1522        1523        1524        1536        1537        1538
        1539        1540        1541        1542        1577        1578
        1579        1580        1581        1582        1583        1585
        1586        1587        1588        1597        1598        1599
        1600        1601        1602        1603        1604        1614
        1615        1646        1647        1648        1649        1650
        1651        1652        1653        1654        1655        1656
        1657        1658        1659        1660        1661        1668
        1669        1670        1671        1672        1673        1684
        1712        1713        1714        1715        1716        1717
        1718        1719        1720        1721        1722        1723
        1724        1725        1726        1727        1733        1734
        1735        1736        1776        1777        1778        1779
        1780        1781        1782        1783        1784        1785
        1786        1787        1788        1789        1790        1795
        1796        1797        1835        1838        1839        1840
        1841        1842        1843        1844        1845        1846
        1847        1848        1849        1850        1851        1855
        1856        1857        1896        1899        1900        1901
        1902        1903        1904        1905        1906        1907
        1908        1909        1910        1911        1914        1915
        1968        1969        1970        1972        1973        1974
        1975        1976        1977        1978        1979        1980
        1981        1983        1984        1989        2051        2052
        2053        2054        2056        2057        2058        2059
        2060        2061        2062        2064        2068        2137
        2138        2139        2140        2142        2143        2144
        2145        2146        2148        2151        2220        2221
        2222        2223        2224        2226        2227        2228
        2229        2303        2305        2306        2308        2309
        1584        1616        1683        1745        1982        2063
        2147        1437        1483        1535        1596        1667
        1732        1794        1854        1913        1990        2070
        2152        2230        2233        2304        2310        2377
        2379        2380        2382
         395
          25
          32
        2568        2632        2634        2635        2636        2637
        2638        2639        2640        2641        2714        2715
        2716        2717        2718        2719        2720        2721
        2722        2723        2724        2725        2726        2727
        2728        2729        2730        2731        2787        2788
        2789        2790        2812        2813        2814        2815
        2816        2817        2818        2819        2820        2821
        2822        2823        2824        2825        2826        2827
        2887        2888        2889        2890        2891        2892
        2893        2894        2895        2896        2897        2898
        2899        2900        2902        2904        2905        2906
        2907        2908        2909        2910        2911        2924
        2927        2928        2929        2930        2931        2932
        2933        2934        2935        2936        2937        2938
        2939        2940        2941        2942        2943        2944
        2962        2963        2964        3021        3022        3023
        3024        3025        3026        3027        3028        3029
        3030        3031        3032        3033        3034        3035
        3036        3037        3038        3039        3040        3041
        3042        3043        3055        3056        3057        3058
        3059        3060        3061        3062        3063        3064
        3065        3066        3067        3087        3088        3141
        3142        3143        3144        3145        3146        3147
        3148        3149        3150        3151        3152        3153
        3154        3155        3156        3157        3158        3159
        3160        3161        3162        3163        3164        3165
        3166        3167        3168        3169        3170        3171
        3172        3173        3174        3175        3185        3186
        3187        3188        3189        3190        3191        3192
        3265        3266        3267        3268        3269        3270
        3271        3272        3273        3274        3275        3276
        3277        3278        3279        3280        3281        3282
        3283        3284        3285        3286        3287        3288
        3289        3290        3291        3292        3293        3294
        3295        3302        3303        3306        3307        3308
        3309        3310        3385        3389        3390        3391
        3392        3393        3394        3395        3396        3397
        3398        3399        3400        3401        3402        3403
        3404        3405        3406        3407        3408        3409
        3410        3411        3412        3413        3420        3421
        3422        3423        3424        3425        3426        3496
        3503        3504        3505        3506        3507        3508
        3509        3510        3511        3512        3513        3514
        3515        3516        3517        3518        3519        3520
        3521        3522        3523        3524        3528        3529
        3530        3531        3532        3533        3534        3627
        3628        3629        3630        3631        3633        3634
        3635        3636        3637        3638        3639        3640
        3641        3642        3643        3644        3645        3646
        3647        3648        3649        3650        3651        3652
        3653        3654        3655        3656        3657        3658
        3660        3661        3662        3779        3780        3781
        3782        3783        3784        3785        3786        3787
        3788        3789        3790        3791        3792        3793
        3794        3795        3796        3797        3798        3799
        3800        3801        3810        3811        3812        3817
        3818        3947        3948        3949        3950        3951
        3952        3957        3958        3959        3960        3961
        3962        3963        3964        3965        3966        3967
        3968        3970        3973        3974        4097        4098
        4099        4100        4101        4102        4103        4104
        4105        4106        4107        4110        4111        4112
        4113        4114        4115        4116        4117        4118
        4122        4242        4243        4244        4246        4247
        4252        4253        4254        4255        4256        4258
        4381        4386        4387        4388        4389        2965
        3086        3089        3659        3953        4109        2633
        2713        2810        2926        3184        3304        3418
        3419        3525        3670        3979        3980        4257
        4264        4382        4383        4394        4527        4529
        2901        2903        3090        3206        3207        3213
        3632        3955        3969        4108        2711        2712
        2925        3054        3183        3301        3305        3417
        3527        3813        3814        3816        4121        4245
        4248        4263        4391        4392        4393        4522
        4524        4530
         594
          25
        3766        3767        3768        3769        3863        3864
        3866        3867        3868        3869        3870        3871
        3872        3873        3874        3875        3876        3877
        3878        3879        3880        3881        3882        3997
        3998        3999        4000        4001        4002        4003
        4004        4005        4006        4007        4008        4009
        4010        4011        4012        4013        4014        4015
        4016        4017        4018        4019        4099        4100
        4101        4102        4103        4104        4105        4106
        4107        4108        4109        4138        4139        4140
        4141        4142        4143        4144        4145        4146
        4147        4148        4149        4150        4151        4152
        4153        4154        4155        4156        4157        4158
        4159        4160        4256        4257        4258        4259
        4260        4261        4262        4263        4264        4265
        4266        4267        4268        4269        4270        4271
        4272        4273        4274        4275        4277        4279
        4280        4281        4282        4283        4284        4285
        4286        4287        4288        4289        4290        4291
        4292        4313        4315        4316        4317        4318
        4319        4320        4321        4322        4323        4324
        4325        4326        4327        4328        4329        4330
        4331        4332        4333        4334        4335        4336
        4337        4364        4365        4366        4367        4453
        4454        4455        4456        4457        4458        4459
        4460        4461        4462        4463        4464        4465
        4466        4467        4468        4469        4470        4471
        4472        4473        4474        4475        4476        4477
        4478        4479        4480        4481        4482        4483
        4484        4485        4486        4487        4488        4489
        4490        4491        4492        4493        4494        4495
        4510        4513        4514        4515        4516        4517
        4518        4519        4520        4521        4522        4523
        4524        4525        4526        4527        4528        4555
        4632        4633        4634        4635        4636        4637
        4638        4639        4640        4641        4642        4643
        4644        4645        4646        4647        4648        4649
        4650        4651        4652        4653        4654        4655
        4656        4657        4658        4659        4660        4661
        4662        4663        4664        4665        4666        4667
        4668        4669        4670        4671        4672        4673
        4674        4675        4676        4677        4690        4692
        4693        4694        4695        4696        4697        4698
        4699        4700        4701        4702        4812        4813
        4814        4815        4816        4817        4818        4819
        4820        4821        4822        4823        4824        4825
        4826        4827        4828        4829        4830        4831
        4832        4833        4834        4835        4836        4837
        4838        4839        4840        4841        4842        4843
        4844        4845        4846        4847        4848        4849
        4850        4851        4852        4853        4863        4864
        4866        4867        4868        4869        4870        4871
        4872        4873        4981        4982        4989        4990
        4991        4992        4993        4994        4995        4996
        4997        4998        4999        5000        5001        5002
        5003        5004        5005        5006        5007        5008
        5009        5010        5011        5012        5013        5014
        5015        5016        5017        5018        5019        5020
        5021        5022        5023        5024        5025        5026
        5027        5028        5029        5035        5038        5039
        5040        5041        5042        5043        5044        5045
        5153        5160        5161        5162        5163        5164
        5165        5166        5167        5168        5169        5170
        5171        5172        5173        5174        5175        5176
        5177        5178        5179        5180        5181        5182
        5183        5184        5185        5186        5187        5188
        5189        5190        5191        5192        5193        5194
        5195        5196        5201        5202        5203        5204
        5205        5206        5207        5361        5362        5363
        5364        5365        5366        5367        5368        5372
        5373        5374        5375        5376        5377        5378
        5379        5380        5381        5382        5383        5384
        5385        5386        5387        5388        5389        5390
        5391        5392        5393        5394        5395        5396
        5397        5398        5399        5402        5403        5404
        5405        5406        5419        5420        5421        5586
        5587        5588        5589        5590        5591        5592
        5593        5594        5595        5596        5597        5601
        5602        5603        5604        5605        5606        5607
        5608        5609        5610        5611        5612        5613
        5614        5615        5616        5617        5618        5619
        5620        5623        5624        5625        5634        5635
        5636        5637        5815        5816        5817        5818
        5819        5820        5821        5822        5823        5824
        5825        5826        5827        5831        5832        5833
        5834        5835        5836        5837        5838        5839
        5840        5841        5842        5843        5844        5845
        5848        5849        5856        5857        5858        6041
        6042        6043        6044        6045        6046        6047
        6048        6049        6050        6051        6052        6053
        6054        6058        6059        6060        6061        6062
        6063        6064        6065        6066        6067        6068
        6257        6258        6259        6263        6264        6265
        6266        6267        6268        6272        6273        6274
        6275        6276        8766        8767        8768        8780
        8781        8785        8789        8790        8791        8792
        8793        8804        8805        8806        8807        8809
        8811        8812        8813        8814        8816        8818
        8825        8829        8835        8846        8847        8850
        3865        3996        4276        4314        4137        4368
        4554        4512        4691        4865        5037        5200
        5401        5621        5423        5643        6077        6070
        5847        5860        6260        6277        6457        6465
        6463
