          12
         196
          23
        1931        2010        2011        2012        2013        2014
        2091        2092        2093        2094        2095        2096
        2097        2098        2099        2100        2101        2102
        2103        2104        2173        2174        2175        2176
        2177        2178        2179        2180        2181        2182
        2183        2184        2185        2186        2187        2188
        2189        2190        2191        2257        2258        2259
        2260        2261        2262        2263        2264        2265
        2266        2267        2268        2269        2270        2271
        2272        2273        2274        2334        2335        2336
        2337        2338        2339        2340        2341        2342
        2343        2344        2345        2346        2347        2348
        2349        2350        2368        2369        2370        2405
        2407        2408        2409        2410        2411        2412
        2413        2414        2415        2416        2417        2418
        2419        2420        2421        2422        2423        2439
        2440        2441        2442        2443        2444        2477
        2479        2480        2481        2482        2483        2484
        2485        2486        2487        2488        2489        2490
        2491        2492        2493        2507        2508        2509
        2510        2511        2512        2546        2547        2548
        2549        2550        2551        2552        2553        2554
        2555        2556        2557        2558        2571        2572
        2573        2574        2575        2607        2608        2609
        2610        2611        2612        2613        2614        2615
        2616        2629        2630        2631        2662        2663
        2664        2665        2666        2667        2668        2669
        2670        2682        2683        2711        2712        2713
        2714        2715        2716        2717        2727        2728
        2755        2758        2759        2760        2761        2762
        2771        2772        2774        2804        2807        2808
        2809        2819        2823        2824        2855        2858
        2859        2873        2900        2904        2292        2293
        2294        2192        2256        2333        2406        2478
        2544        2606        2661        2710        2757        2806
        2857        2903        2773        2821        2869        2874
        2918        2942        2944
         374
          20
          27
        3562        3563        3706        3707        3708        3709
        3710        3858        3859        3860        3861        3862
        3863        3864        3865        3866        3867        3868
        3869        3870        3871        3872        3873        3874
        3875        3876        3877        3878        3879        3880
        3881        3882        4013        4014        4015        4016
        4017        4018        4019        4020        4021        4022
        4023        4024        4025        4026        4027        4028
        4029        4030        4031        4032        4033        4034
        4035        4036        4037        4038        4039        4040
        4041        4042        4043        4166        4168        4169
        4170        4171        4172        4173        4174        4175
        4176        4177        4178        4179        4180        4181
        4182        4183        4184        4185        4186        4187
        4188        4189        4190        4191        4192        4193
        4194        4195        4226        4229        4302        4303
        4304        4305        4306        4307        4308        4309
        4310        4311        4312        4313        4314        4315
        4316        4317        4318        4319        4320        4321
        4322        4323        4324        4325        4326        4327
        4328        4329        4330        4331        4332        4365
        4366        4367        4368        4434        4435        4437
        4438        4439        4440        4441        4442        4443
        4444        4445        4446        4447        4448        4449
        4450        4451        4452        4453        4454        4455
        4456        4457        4458        4459        4460        4461
        4462        4463        4464        4465        4466        4467
        4468        4469        4470        4471        4472        4473
        4506        4507        4508        4509        4510        4511
        4512        4513        4514        4579        4580        4581
        4582        4583        4584        4585        4586        4587
        4588        4589        4590        4591        4592        4593
        4594        4595        4596        4597        4598        4599
        4600        4601        4602        4628        4629        4630
        4631        4632        4633        4634        4635        4636
        4694        4695        4699        4700        4701        4702
        4703        4704        4705        4706        4707        4708
        4709        4710        4711        4712        4713        4714
        4715        4716        4717        4718        4719        4720
        4721        4722        4723        4724        4725        4726
        4727        4728        4749        4750        4751        4752
        4753        4754        4755        4756        4757        4816
        4817        4818        4819        4820        4821        4822
        4823        4824        4825        4826        4827        4828
        4829        4830        4831        4832        4833        4834
        4835        4866        4867        4868        4869        4870
        4871        4872        4926        4928        4929        4930
        4931        4932        4933        4934        4935        4936
        4937        4938        4939        4940        4941        4942
        4943        4944        4945        4946        4947        4965
        4966        4967        5015        5016        5017        5018
        5019        5020        5021        5022        5023        5024
        5025        5026        5027        5028        5048        5049
        5050        5051        5104        5105        5106        5111
        5112        5113        5114        5115        5116        5117
        5118        5119        5120        5121        5138        5141
        5142        5143        5199        5203        5204        5205
        5206        5207        5208        5209        5210        5211
        5224        5225        5226        5228        5230        5231
        5232        5292        5293        5297        5298        5299
        5300        5301        5318        5327        5329        5375
        5376        5377        5381        5383        5384        5412
        5465        5469        4227        4228        4044        4167
        4436        4693        4698        4927        5014        5110
        5201        5202        5379        5382        5140        5319
        5320        5330        5493        5536        4074        4076
        4077        4081        4197        4198        4433        4475
        4476        4697        4815        4925        5012        5013
        5109        5295        5296        5467        5468        5139
        5144        5227        5323        5328        5470        5495
        5537
         572
          20
        5256        5257        5479        5480        5481        5482
        5483        5484        5485        5486        5487        5488
        5489        5490        5700        5701        5702        5703
        5704        5705        5706        5707        5708        5709
        5710        5711        5712        5713        5714        5715
        5716        5717        5718        5719        5720        5721
        5722        5723        5724        5725        5726        5727
        5728        5729        5730        5731        5732        5733
        5734        5920        5921        5922        5923        5924
        5925        5926        5927        5928        5929        5930
        5931        5932        5933        5934        5935        5936
        5937        5938        5939        5940        5941        5942
        5943        5944        5945        5946        5947        5948
        5949        5950        5951        5952        5953        5954
        5955        5956        5957        5958        5959        5960
        5961        5962        5963        5964        5965        5966
        5967        5968        5969        6140        6142        6143
        6144        6145        6146        6147        6148        6149
        6150        6151        6152        6153        6154        6155
        6156        6157        6158        6159        6160        6161
        6162        6163        6164        6165        6166        6167
        6168        6169        6170        6171        6172        6173
        6174        6175        6176        6177        6178        6179
        6180        6181        6182        6183        6184        6233
        6234        6236        6341        6342        6343        6344
        6345        6346        6347        6348        6349        6350
        6351        6352        6353        6354        6355        6356
        6357        6358        6359        6360        6361        6362
        6363        6364        6365        6366        6367        6368
        6369        6370        6371        6372        6373        6374
        6375        6376        6377        6378        6379        6380
        6381        6382        6383        6384        6385        6386
        6387        6436        6437        6438        6439        6440
        6441        6532        6533        6534        6537        6538
        6539        6540        6541        6542        6543        6544
        6545        6546        6547        6548        6549        6550
        6551        6552        6553        6554        6555        6556
        6557        6558        6559        6560        6561        6562
        6563        6564        6565        6566        6567        6568
        6569        6570        6571        6572        6573        6574
        6575        6576        6577        6578        6579        6580
        6581        6582        6583        6624        6625        6626
        6627        6628        6629        6630        6631        6632
        6633        6634        6635        6636        6637        6724
        6725        6726        6730        6731        6732        6733
        6734        6735        6736        6737        6738        6739
        6740        6741        6742        6743        6744        6745
        6746        6747        6748        6749        6750        6751
        6752        6753        6754        6755        6756        6757
        6758        6759        6760        6761        6762        6763
        6764        6765        6766        6767        6768        6769
        6770        6771        6772        6810        6811        6812
        6813        6814        6815        6816        6817        6818
        6819        6820        6821        6822        6823        6824
        6825        6914        6918        6919        6920        6921
        6922        6923        6924        6925        6926        6927
        6928        6929        6930        6931        6932        6933
        6934        6935        6936        6937        6938        6939
        6940        6941        6942        6943        6944        6945
        6946        6947        6948        6949        6950        6951
        6952        6953        6987        6988        6989        6990
        6991        6992        6993        6994        6995        6996
        6997        7077        7080        7081        7082        7083
        7084        7085        7086        7087        7088        7089
        7090        7091        7092        7093        7094        7095
        7096        7097        7098        7099        7100        7101
        7102        7103        7104        7105        7106        7107
        7108        7143        7144        7145        7146        7147
        7148        7230        7233        7234        7235        7236
        7237        7238        7239        7240        7241        7242
        7243        7244        7245        7246        7247        7248
        7249        7250        7251        7252        7253        7254
        7255        7256        7257        7287        7288        7289
        7290        7364        7366        7367        7368        7369
        7370        7371        7372        7373        7374        7375
        7376        7377        7378        7379        7380        7381
        7382        7383        7384        7385        7410        7411
        7412        7413        7485        7486        7487        7488
        7493        7495        7496        7497        7498        7499
        7500        7501        7502        7503        7504        7505
        7506        7507        7530        7531        7532        7533
        7534        7538        7539        7540        7541        7626
        7627        7628        7634        7635        7636        7637
        7638        7639        7640        7641        7642        7669
        7670        7671        7681        7682        7683        7684
        7685        7686        7770        7771        7772        7777
        7779        7780        7781        7782        7783        7821
        7822        7823        7897        7898        7899        7908
        7909        7910        8841        8842        8852        8853
        8854        8855        8863        8864        8865        8866
        8867        8868        8869        8876        8877        8878
        8879        8880        8891        8892        8893        8894
        8895        8896        8899        8900        8906        8907
        8909        8910        8915        8916        8917        8918
        8920        8921        8927        8933        8939        8944
        8948        8955        5970        6141        6232        6235
        6535        6728        7078        6912        7231        7365
        7494        7633        7676        7537        7812        7947
        7778        7826        8015        7906
