           8
         196
          36
        1573        1637        1640        1641        1642        1703
        1704        1705        1706        1707        1708        1709
        1737        1763        1764        1765        1766        1767
        1768        1769        1770        1771        1772        1773
        1798        1799        1800        1823        1824        1825
        1826        1827        1828        1829        1830        1831
        1832        1833        1834        1858        1859        1860
        1883        1884        1885        1886        1887        1888
        1889        1890        1891        1892        1893        1894
        1895        1898        1916        1920        1921        1922
        1923        1951        1952        1953        1954        1955
        1956        1957        1958        1959        1960        1961
        1962        1963        1964        1965        1966        1967
        1971        1982        1985        1986        1987        1996
        1997        1998        1999        2000        2033        2034
        2035        2036        2037        2038        2039        2040
        2041        2042        2043        2044        2045        2046
        2047        2048        2049        2050        2055        2063
        2065        2066        2067        2077        2078        2079
        2080        2081        2082        2122        2123        2124
        2125        2126        2127        2128        2129        2130
        2131        2132        2133        2134        2135        2136
        2141        2147        2149        2150        2160        2161
        2162        2163        2164        2165        2208        2209
        2210        2211        2212        2213        2214        2215
        2216        2217        2218        2219        2225        2231
        2232        2240        2241        2242        2243        2244
        2245        2246        2247        2292        2293        2294
        2295        2296        2297        2298        2299        2300
        2301        2319        2321        2322        2323        2324
        2371        2372        2373        2374        2375        2390
        2393        2394        2445        2446        2447        2448
        2462        2463        2513        2514        1566        1567
        1571        1572        1638        1639        1674        1738
        1739        1740        1775        1837        1897        1912
        1913        2230        2248        2249        2302        2307
        2312        2320        1983        2064        2148        2368
        2369        2370        2395        2396        2466        2467
        2527        2528        2529        2576
         401
          33
          42
        2866        2867        2878        2879        2881        3004
        3005        3006        3007        3010        3011        3012
        3013        3014        3015        3069        3125        3126
        3127        3128        3129        3130        3131        3132
        3133        3134        3135        3136        3193        3194
        3195        3197        3198        3240        3241        3242
        3243        3244        3245        3246        3247        3248
        3249        3250        3251        3252        3253        3254
        3255        3256        3257        3258        3259        3260
        3261        3311        3312        3313        3314        3315
        3316        3317        3318        3364        3365        3366
        3367        3368        3369        3370        3371        3372
        3373        3374        3375        3376        3377        3378
        3379        3380        3381        3382        3383        3384
        3388        3427        3428        3429        3430        3431
        3471        3472        3473        3474        3475        3476
        3477        3478        3479        3480        3481        3482
        3483        3484        3485        3486        3487        3488
        3489        3490        3491        3492        3493        3494
        3495        3498        3501        3502        3525        3526
        3527        3528        3535        3536        3537        3542
        3543        3544        3545        3546        3547        3548
        3549        3550        3551        3552        3598        3599
        3600        3601        3602        3603        3604        3605
        3606        3607        3608        3609        3610        3611
        3612        3613        3614        3615        3616        3617
        3618        3619        3620        3621        3622        3623
        3624        3625        3626        3632        3658        3659
        3660        3663        3664        3665        3666        3667
        3668        3682        3683        3684        3685        3686
        3687        3688        3689        3746        3747        3748
        3749        3750        3751        3752        3753        3754
        3755        3756        3757        3758        3759        3760
        3761        3762        3763        3764        3765        3766
        3767        3768        3769        3770        3771        3772
        3773        3774        3775        3776        3777        3778
        3800        3802        3803        3804        3805        3806
        3807        3808        3809        3830        3831        3832
        3833        3834        3835        3836        3837        3838
        3839        3840        3841        3842        3918        3919
        3920        3921        3922        3923        3924        3925
        3926        3927        3928        3929        3930        3931
        3932        3933        3934        3935        3936        3937
        3938        3939        3940        3941        3942        3943
        3944        3945        3946        3953        3954        3955
        3956        3968        3969        3971        3972        3990
        3991        3992        3993        3994        3995        3996
        3997        3998        3999        4073        4074        4075
        4076        4077        4078        4079        4080        4081
        4082        4083        4084        4085        4086        4087
        4088        4089        4090        4091        4092        4093
        4094        4095        4096        4108        4109        4118
        4119        4120        4134        4135        4136        4137
        4138        4139        4140        4141        4142        4143
        4144        4145        4146        4147        4149        4153
        4154        4226        4227        4228        4229        4230
        4231        4232        4233        4234        4235        4236
        4237        4238        4239        4240        4250        4260
        4261        4262        4277        4280        4281        4282
        4283        4284        4285        4286        4287        4288
        4289        4365        4367        4369        4370        4371
        4372        4373        4374        4375        4376        4377
        4378        4405        4406        4409        4410        4411
        4412        4414        4416        4515        4516        4517
        4518        4519        4520        4550        4551        4552
        4553        4554        4558        4559        4561        4637
        4638        4639        4668        4670        4758        2776
        2870        2880        3008        3009        3070        3071
        3139        3196        3200        3264        3418        3497
        3500        4148        4150        4152        4241        4248
        4251        3531        3801        3965        3970        4368
        4511        4413        4415        4669        4671        4680
        4759        4785        2769        2868        2869        2873
        2876        2877        2946        2947        3068        3072
        3076        3199        3263        3387        3415        3417
        3499        4151        4249        4257        4259        4278
        4279        4290        4380        3421        3529        3532
        3662        3964        4116        4117        4366        4512
        4514        4560        4562        4564        4672        4673
        4679        4786
         599
          33
        4226        4228        4239        4241        4242        4243
        4244        4245        4246        4428        4429        4431
        4433        4434        4435        4436        4437        4438
        4439        4440        4441        4442        4443        4444
        4531        4532        4607        4608        4609        4610
        4611        4612        4613        4614        4615        4616
        4617        4618        4619        4620        4621        4622
        4623        4624        4625        4703        4704        4705
        4706        4708        4709        4711        4713        4714
        4773        4774        4775        4776        4777        4778
        4779        4780        4781        4782        4783        4784
        4785        4786        4787        4788        4789        4790
        4791        4792        4793        4794        4795        4796
        4797        4798        4799        4800        4801        4802
        4803        4804        4805        4811        4874        4875
        4876        4877        4878        4879        4880        4881
        4882        4946        4947        4948        4949        4950
        4951        4952        4953        4954        4955        4956
        4957        4958        4959        4960        4961        4962
        4963        4964        4965        4966        4967        4968
        4969        4970        4971        4972        4973        4974
        4975        4976        4977        4978        4979        4980
        4986        4988        5046        5047        5048        5049
        5050        5051        5052        5053        5054        5113
        5114        5115        5116        5117        5118        5119
        5120        5121        5122        5123        5124        5125
        5126        5127        5128        5129        5130        5131
        5132        5133        5134        5135        5136        5137
        5138        5139        5140        5141        5142        5143
        5144        5145        5146        5147        5148        5149
        5150        5151        5152        5154        5155        5157
        5158        5159        5198        5199        5200        5208
        5209        5210        5211        5220        5221        5222
        5223        5224        5225        5226        5227        5228
        5229        5230        5231        5232        5233        5311
        5312        5313        5314        5315        5316        5317
        5318        5319        5320        5321        5322        5323
        5324        5325        5326        5327        5328        5329
        5330        5331        5332        5333        5334        5335
        5336        5337        5338        5339        5340        5341
        5342        5343        5344        5345        5346        5347
        5348        5349        5350        5351        5352        5353
        5354        5355        5356        5357        5358        5359
        5360        5369        5370        5371        5399        5400
        5401        5403        5407        5408        5409        5410
        5411        5412        5413        5414        5415        5416
        5417        5440        5441        5442        5443        5444
        5445        5446        5447        5448        5449        5450
        5451        5452        5453        5454        5540        5541
        5542        5543        5544        5545        5546        5547
        5548        5549        5550        5551        5552        5553
        5554        5555        5556        5557        5558        5559
        5560        5561        5562        5563        5564        5565
        5566        5567        5568        5569        5570        5571
        5572        5573        5574        5575        5576        5577
        5578        5579        5580        5581        5582        5583
        5584        5585        5598        5599        5600        5620
        5621        5622        5623        5626        5627        5628
        5629        5630        5631        5632        5633        5661
        5662        5663        5664        5665        5666        5667
        5668        5669        5670        5671        5672        5673
        5674        5675        5676        5677        5678        5780
        5781        5782        5783        5784        5785        5786
        5787        5788        5789        5790        5791        5792
        5793        5794        5795        5796        5797        5798
        5799        5800        5801        5802        5803        5804
        5805        5806        5807        5808        5809        5810
        5811        5812        5813        5814        5828        5829
        5830        5845        5846        5847        5850        5851
        5852        5853        5854        5855        5881        5882
        5883        5884        5885        5886        5887        5888
        5889        5890        5891        5892        5893        5894
        5895        5896        5897        5898        5899        5900
        5901        6013        6014        6015        6016        6017
        6018        6019        6020        6021        6022        6023
        6024        6025        6026        6027        6028        6029
        6030        6031        6032        6033        6034        6035
        6036        6037        6038        6039        6040        6055
        6056        6057        6072        6073        6074        6075
        6076        6097        6098        6099        6100        6101
        6102        6103        6104        6105        6106        6107
        6108        6109        6110        6111        6112        6113
        6114        6115        6116        6117        6232        6233
        6234        6235        6236        6237        6238        6239
        6240        6241        6242        6243        6244        6245
        6246        6247        6248        6249        6250        6251
        6252        6253        6303        6304        6305        6308
        6309        6310        6311        6312        6313        6314
        6315        6316        6317        6442        6443        6444
        6445        6446        6447        6448        6449        6450
        6451        6452        6493        6494        6495        6496
        6501        6502        6503        6504        6505        6506
        6638        6639        6640        6641        6642        6643
        6644        6645        6646        6685        6686        6687
        6688        6689        6690        6691        6826        6827
        6828        8803        8810        8817        8823        8824
        8828        8834        8845        8858        8859        8860
        8861        8872        8873        8874        8884        8885
        8886        8887        8888        8889        8899        8900
        8901        8903        8911        8922        8928        4227
        4238        4229        4430        4240        4530        4432
        4707        4710        4712        4810        4987        5197
        5156        5201        5404        5625        6118        6069
        5849        6120        6123        6255        6271        6438
        6436        6509        6697        6871        6698        6508
        6872        6868
