           6
         195
          21
         478         479         532         533         534         536
         537         582         583         584         585         586
         587         588         636         637         638         639
         640         641         690         691         692         693
         694         695         745         746         747         748
         749         750         751         795         796         797
         798         799         800         801         802         803
         840         842         843         844         845         846
         847         848         849         850         851         852
         853         854         855         856         857         888
         889         891         892         893         894         895
         896         897         898         899         900         901
         902         903         904         905         906         907
         937         938         940         941         942         943
         944         945         946         947         948         949
         950         951         952         953         954         982
         983         984         985         986         987         988
         989         990         991         992         993         994
         995         996        1024        1031        1032        1033
        1034        1035        1036        1037        1038        1039
        1040        1041        1042        1043        1076        1077
        1082        1083        1084        1085        1086        1087
        1088        1089        1090        1091        1092        1122
        1123        1124        1126        1127        1128        1129
        1130        1131        1132        1133        1134        1135
        1136        1166        1167        1168        1169        1170
        1171        1172        1173        1174        1175        1176
        1177        1178        1179        1204        1205        1206
        1207        1208        1209        1210        1211        1212
        1213        1214        1215        1238        1239        1240
        1241        1242        1243        1244        1245        1246
        1267        1268        1269        1270        1271        1272
        1290        1291        1293         474         477         535
         628         684         741         792         793         837
         838         839         841         890         939         977
        1025        1078        1125        1292        1311        1316
         376
          18
          22
         880         882         883         971         972         973
         974         975         976         977         979         980
         981        1067        1068        1069        1070        1071
        1072        1073        1074        1075        1076        1077
        1078        1079        1080        1081        1162        1163
        1164        1165        1166        1167        1168        1260
        1261        1262        1263        1264        1265        1266
        1267        1268        1269        1270        1271        1272
        1350        1352        1360        1361        1362        1363
        1364        1365        1366        1367        1368        1369
        1370        1371        1448        1451        1452        1453
        1454        1455        1456        1457        1458        1459
        1460        1461        1462        1463        1464        1465
        1466        1529        1530        1532        1533        1534
        1535        1536        1538        1539        1540        1541
        1542        1543        1544        1545        1546        1547
        1548        1549        1550        1551        1552        1553
        1554        1555        1556        1557        1558        1559
        1560        1561        1562        1563        1564        1565
        1624        1625        1626        1627        1628        1629
        1632        1633        1634        1635        1636        1637
        1638        1639        1640        1641        1642        1643
        1644        1645        1646        1647        1648        1649
        1650        1651        1652        1653        1654        1655
        1656        1657        1658        1659        1660        1718
        1719        1720        1721        1722        1723        1724
        1725        1726        1727        1728        1729        1730
        1731        1732        1733        1734        1735        1736
        1737        1738        1739        1740        1741        1742
        1743        1744        1745        1746        1747        1748
        1749        1750        1751        1796        1797        1798
        1807        1808        1809        1810        1811        1812
        1813        1814        1815        1816        1817        1818
        1819        1820        1821        1822        1823        1824
        1825        1826        1827        1828        1829        1830
        1831        1832        1833        1834        1835        1875
        1876        1886        1887        1888        1889        1890
        1891        1892        1893        1894        1895        1896
        1897        1898        1899        1900        1901        1902
        1903        1904        1905        1906        1907        1908
        1909        1910        1975        1976        1977        1978
        1979        1980        1981        1982        1983        1991
        1992        1993        1994        1995        1996        1997
        1998        1999        2000        2001        2002        2003
        2004        2005        2006        2007        2008        2009
        2010        2011        2061        2062        2064        2065
        2066        2067        2068        2069        2070        2071
        2072        2073        2074        2075        2076        2077
        2078        2079        2080        2081        2082        2083
        2084        2143        2144        2145        2146        2147
        2148        2149        2150        2151        2152        2153
        2154        2155        2156        2157        2158        2159
        2160        2161        2162        2163        2164        2165
        2166        2167        2211        2212        2213        2214
        2215        2216        2217        2218        2219        2220
        2221        2222        2223        2224        2225        2226
        2227        2228        2229        2230        2231        2232
        2233        2282        2283        2284        2285        2286
        2287        2288        2289        2290        2291        2292
        2293        2294        2295        2296        2297        2336
        2337        2338        2339        2340        2341        2342
        2343        2344        2345        2376        2377        2378
        2379        2380        2381        2383         876         978
        1147        1250        1351        1443        1447        1527
        1528        1537        1613        1630        1710        1877
        1984        2063        2413        2419         879         881
        1052        1148        1354        1358        1439        1441
        1446        1449        1518        1531        1631        1711
        1802        1878        1882        1988        1989        2382
        2416        2418
         573
          18
        1319        1323        1325        1326        1327        1328
        1329        1461        1462        1463        1464        1465
        1466        1467        1468        1469        1470        1471
        1472        1473        1474        1590        1591        1592
        1593        1594        1595        1596        1597        1598
        1599        1600        1601        1602        1603        1604
        1605        1710        1730        1731        1732        1733
        1734        1735        1736        1737        1738        1739
        1740        1741        1742        1743        1744        1745
        1860        1874        1875        1876        1877        1878
        1879        1880        1881        1882        1883        1884
        1885        1886        1887        1888        1889        2010
        2021        2022        2023        2024        2025        2026
        2027        2028        2029        2030        2031        2032
        2033        2034        2035        2036        2037        2038
        2039        2040        2149        2150        2152        2156
        2157        2158        2159        2160        2161        2162
        2163        2164        2165        2166        2167        2168
        2169        2170        2171        2172        2173        2174
        2175        2176        2177        2178        2179        2180
        2272        2274        2275        2277        2279        2280
        2281        2282        2283        2284        2285        2286
        2287        2288        2289        2290        2291        2292
        2293        2294        2295        2296        2297        2298
        2299        2300        2301        2302        2303        2304
        2305        2306        2307        2308        2309        2310
        2311        2312        2313        2314        2315        2316
        2317        2318        2319        2320        2321        2322
        2323        2324        2325        2326        2408        2409
        2410        2411        2412        2413        2417        2418
        2419        2420        2421        2422        2423        2424
        2425        2426        2427        2428        2429        2430
        2431        2432        2433        2434        2435        2436
        2437        2438        2439        2440        2441        2442
        2443        2444        2445        2446        2447        2448
        2449        2450        2451        2452        2453        2454
        2455        2456        2457        2458        2459        2460
        2461        2462        2463        2464        2543        2544
        2545        2546        2547        2548        2549        2551
        2552        2553        2554        2555        2556        2557
        2558        2559        2560        2561        2562        2563
        2564        2565        2566        2567        2568        2569
        2570        2571        2572        2573        2574        2575
        2576        2577        2578        2579        2580        2581
        2582        2583        2584        2585        2586        2587
        2588        2589        2590        2650        2651        2664
        2665        2666        2667        2668        2669        2670
        2671        2672        2673        2674        2675        2676
        2677        2678        2679        2680        2681        2682
        2683        2684        2685        2686        2687        2688
        2689        2690        2691        2692        2693        2694
        2695        2696        2697        2698        2699        2700
        2701        2702        2703        2704        2705        2776
        2777        2778        2779        2780        2793        2794
        2795        2796        2797        2798        2799        2800
        2801        2802        2803        2804        2805        2806
        2807        2808        2809        2810        2811        2812
        2813        2814        2815        2816        2817        2818
        2819        2820        2821        2822        2823        2824
        2825        2826        2827        2914        2915        2916
        2917        2918        2919        2920        2922        2928
        2929        2930        2931        2932        2933        2934
        2935        2936        2937        2938        2939        2940
        2941        2942        2943        2944        2945        2946
        2947        2948        2949        2950        2951        2952
        2953        2954        2955        2956        2957        2958
        3041        3042        3043        3044        3045        3046
        3047        3048        3049        3050        3051        3052
        3053        3054        3055        3056        3057        3058
        3059        3060        3061        3062        3063        3064
        3065        3066        3067        3068        3069        3070
        3071        3072        3073        3074        3075        3076
        3077        3078        3079        3159        3160        3161
        3162        3163        3164        3165        3166        3167
        3168        3169        3170        3171        3172        3173
        3174        3175        3176        3177        3178        3179
        3180        3181        3182        3183        3184        3185
        3186        3187        3188        3189        3190        3191
        3192        3193        3194        3195        3260        3261
        3262        3263        3264        3265        3266        3267
        3268        3269        3270        3271        3272        3273
        3274        3275        3276        3277        3278        3279
        3280        3281        3282        3283        3284        3285
        3286        3287        3288        3351        3352        3353
        3354        3355        3356        3357        3358        3359
        3360        3361        3362        3363        3364        3365
        3366        3367        3368        3369        3370        3424
        3425        3426        3427        3428        3429        3430
        3431        3432        3433        3434        3481        3482
        3483        3484        3486        8613        8615        8616
        8627        8628        8637        8638        8639        8650
        8660        8667        8668        8674        8678        8679
        8680        8681        8682        8683        8687        8691
        8698        8709        8717        8720        8721        8724
        8725        8728        8729        8732        8733        8736
        8737        8740        8741        1318        1324        1709
        2011        1859        2148        2271        2273        2278
        2153        2270        2414        2550        2652        2782
        2923        3485        3487
