           5
         196
          30
         233         234         235         277         278         279
         280         281         282         286         322         323
         324         325         326         327         328         329
         337         364         372         373         374         375
         376         377         378         379         380         381
         382         392         396         419         420         421
         422         430         431         432         433         434
         435         436         437         438         439         440
         451         453         454         455         481         482
         483         484         485         492         493         494
         495         496         497         505         506         507
         508         509         540         541         542         543
         544         549         550         551         556         557
         558         559         560         561         592         593
         594         595         596         597         598         602
         603         604         605         606         609         610
         611         612         613         614         615         646
         647         648         649         650         651         652
         653         654         657         658         659         660
         661         662         664         665         666         667
         668         669         670         671         672         673
         700         701         702         703         704         705
         706         707         708         713         714         715
         716         717         718         719         720         721
         722         723         724         725         726         727
         728         729         755         758         760         761
         762         767         768         769         770         771
         772         773         774         775         776         777
         778         779         780         781         808         813
         814         820         821         822         823         824
         825         826         827         828         829         830
         867         868         873         874         876         877
         878         879         880         930         711         756
         759         811         862         875         914         919
         924         925         927         928         929         973
         191         231         232         238         246         293
         342         394         395         450         452         503
         504         555         607         663
         391
          28
          30
         349         421         423         425         426         427
         428         429         435         436         509         510
         511         512         513         514         515         516
         517         518         519         520         528         529
         530         597         598         599         600         601
         602         603         604         605         606         607
         608         609         610         611         625         626
         636         687         688         689         690         691
         692         693         694         695         696         697
         698         699         700         701         702         703
         704         705         706         707         708         723
         724         727         728         731         732         773
         774         775         776         777         778         779
         780         781         795         796         797         798
         799         800         801         802         803         804
         805         806         807         808         809         810
         830         833         834         835         836         837
         839         840         841         842         885         886
         887         888         889         890         891         892
         893         902         903         904         905         906
         907         908         909         910         911         922
         923         924         925         926         927         928
         929         930         931         932         986         987
         988         989         990         991         992         993
         994         995         996        1007        1008        1009
        1010        1011        1012        1019        1020        1021
        1022        1023        1024        1025        1026        1027
        1028        1029        1030        1031        1032        1033
        1034        1087        1088        1089        1090        1091
        1092        1093        1094        1098        1099        1100
        1101        1102        1103        1104        1105        1106
        1108        1110        1111        1112        1113        1114
        1115        1116        1117        1118        1119        1120
        1176        1177        1178        1179        1180        1181
        1182        1183        1184        1185        1186        1187
        1188        1189        1190        1191        1192        1197
        1198        1199        1200        1201        1202        1203
        1204        1205        1206        1207        1209        1210
        1211        1212        1213        1214        1215        1216
        1217        1218        1219        1220        1221        1222
        1223        1224        1225        1226        1227        1278
        1279        1280        1281        1282        1283        1284
        1285        1286        1287        1288        1289        1290
        1291        1292        1293        1294        1297        1300
        1301        1302        1303        1304        1305        1306
        1307        1308        1309        1310        1311        1312
        1313        1314        1315        1316        1317        1318
        1319        1320        1321        1322        1323        1324
        1325        1326        1327        1328        1329        1379
        1383        1384        1385        1386        1387        1388
        1389        1390        1391        1392        1399        1400
        1401        1402        1403        1404        1405        1406
        1407        1408        1409        1410        1411        1412
        1413        1414        1415        1416        1417        1418
        1419        1420        1421        1422        1423        1424
        1425        1426        1475        1476        1477        1478
        1486        1487        1488        1489        1499        1500
        1501        1502        1503        1504        1505        1506
        1507        1508        1509        1510        1511        1512
        1513        1514        1515        1516        1572        1583
        1584        1585        1586        1596        1597        1598
        1599        1600        1601        1602        1603        1604
        1605        1606        1607        1608        1609        1610
        1611        1612        1674        1675        1685        1692
        1693        1700        1702        1704        1705        1706
        1789        1380        1381        1483        1484        1573
        1684        1696        1697        1701        1703        1770
        1784        1788         347         350         424         450
         453         637         726         729         730         825
         827         838        1017        1018        1208        1296
        1481        1482        1577        1580        1694        1695
        1699        1763        1769        1778        1783        1785
        1867         344         346         368         422         451
         454         630         632         633         635         828
         831         832         919         921        1107
         589
          28
         546         657         658         659         661         662
         663         664         665         666         667         668
         669         679         680         702         781         782
         783         784         785         786         787         788
         789         790         791         792         793         794
         795         796         797         798         809         810
         811         830         905         906         907         908
         909         910         911         912         913         914
         915         916         917         918         919         920
         921         922         923         924         925         926
         927         928         929         930         931         958
         959         960         973        1025        1026        1027
        1048        1049        1050        1051        1052        1053
        1054        1055        1056        1057        1058        1059
        1060        1061        1062        1063        1064        1065
        1066        1067        1068        1069        1070        1071
        1072        1073        1074        1075        1076        1077
        1078        1079        1107        1108        1109        1114
        1116        1117        1118        1119        1120        1121
        1174        1175        1176        1177        1178        1179
        1180        1181        1182        1183        1184        1185
        1204        1205        1206        1207        1208        1209
        1210        1211        1212        1213        1214        1215
        1216        1217        1218        1219        1220        1221
        1222        1223        1224        1225        1226        1227
        1228        1229        1255        1257        1258        1259
        1260        1261        1262        1263        1264        1265
        1266        1267        1268        1269        1270        1331
        1332        1333        1334        1335        1336        1337
        1338        1339        1340        1341        1342        1343
        1359        1360        1361        1362        1363        1364
        1365        1366        1367        1368        1369        1384
        1385        1386        1387        1388        1389        1390
        1391        1392        1393        1394        1395        1396
        1397        1398        1399        1400        1401        1480
        1481        1482        1483        1484        1485        1486
        1487        1488        1489        1490        1491        1492
        1493        1503        1504        1505        1506        1507
        1515        1516        1517        1518        1519        1520
        1521        1522        1523        1524        1525        1526
        1527        1528        1529        1530        1531        1532
        1533        1614        1615        1616        1617        1618
        1619        1620        1621        1622        1623        1624
        1625        1626        1627        1628        1629        1630
        1631        1632        1633        1634        1635        1642
        1643        1644        1645        1646        1647        1648
        1649        1650        1651        1652        1653        1655
        1657        1658        1659        1660        1661        1662
        1663        1664        1665        1666        1667        1668
        1669        1670        1671        1672        1673        1674
        1675        1756        1757        1758        1759        1760
        1761        1762        1763        1764        1765        1766
        1767        1768        1769        1770        1771        1772
        1773        1774        1775        1776        1777        1778
        1779        1780        1781        1782        1787        1788
        1789        1790        1791        1792        1793        1794
        1795        1796        1797        1798        1799        1800
        1801        1802        1803        1804        1805        1806
        1807        1808        1809        1810        1811        1812
        1813        1814        1815        1816        1817        1818
        1819        1820        1821        1822        1823        1824
        1825        1826        1827        1828        1900        1901
        1902        1903        1904        1905        1906        1907
        1908        1909        1910        1911        1912        1913
        1914        1915        1916        1917        1918        1919
        1920        1921        1922        1923        1924        1934
        1935        1936        1937        1938        1939        1940
        1941        1942        1943        1944        1945        1946
        1947        1948        1949        1950        1951        1952
        1953        1954        1955        1956        1957        1958
        1959        1960        1961        1962        1963        1964
        1965        1966        1967        1968        1969        1970
        1971        1972        1973        1974        1975        1976
        1977        1978        1979        2049        2050        2051
        2058        2059        2060        2064        2065        2066
        2067        2068        2069        2070        2071        2082
        2083        2084        2085        2086        2087        2088
        2089        2090        2091        2092        2093        2094
        2095        2096        2097        2098        2099        2100
        2101        2102        2103        2104        2105        2106
        2107        2108        2109        2110        2111        2112
        2113        2114        2115        2116        2117        2118
        2119        2120        2191        2192        2193        2206
        2207        2208        2209        2210        2211        2226
        2227        2228        2229        2230        2231        2232
        2233        2234        2235        2236        2237        2238
        2239        2240        2241        2242        2243        2244
        2245        2246        2247        2248        2249        2250
        2251        2252        2253        2340        2353        2354
        2355        2356        2357        2369        2370        2371
        2372        2373        2374        2376        2379        2380
        2381        2382        2383        2384        2385        2386
        2387        2388        2389        2526        8565        8571
        8577        8583        8591        8602        8604        8605
        8606        8618        8620        8621        8630        8632
        8633        8641        8643        8644        8645        8647
        8648        8653        8654        8655        8656        8657
        8658        8664        8665        8672        8676        8685
        8689         547         656         678         660         703
         831         972        1115        1113        1256        1254
        1514        1383        1382        1656        1929        2052
        2062        2200        2375        2510        2377        2339
        2483        2497        2520        2522        2527
